<?xml version="1.0" encoding="utf-8"?>
<TestRun id="fbbab970-2aa8-4e51-ad75-de47d04e6347" name="alex@ALEX-PC 2025-09-03 16:47:18" runUser="ALEX-PC\alex" xmlns="http://microsoft.com/schemas/VisualStudio/TeamTest/2010">
  <Times creation="2025-09-03T16:47:18.9298294-04:00" queuing="2025-09-03T16:47:18.9298295-04:00" start="2025-09-03T16:47:18.3499003-04:00" finish="2025-09-03T16:48:50.8280367-04:00" />
  <TestSettings name="default" id="b3bf01e3-69f1-45a9-b4e6-0e9244ec32cc">
    <Deployment runDeploymentRoot="alex_ALEX-PC_2025-09-03_16_47_18" />
  </TestSettings>
  <Results>
    <UnitTestResult executionId="0c2ac5e9-372f-4e8c-9068-17fa6ee5eeba" testId="eaa9e4b8-c14b-8d41-6b1a-55cf702a5b4f" testName="Tidalarr.Tests.TidalApiClientAuthCheckTests.IsAuthenticatedAsync_ReturnsFalse_WhenAuthThrows" computerName="ALEX-PC" duration="00:00:00.0014415" startTime="2025-09-03T16:47:18.9139263-04:00" endTime="2025-09-03T16:47:18.9139264-04:00" testType="13cdc9d9-ddb5-4fa4-a97d-d965ccfc6d4b" outcome="Passed" testListId="8c84fa94-04c1-424b-9868-57a2d4851a1d" relativeResultsDirectory="0c2ac5e9-372f-4e8c-9068-17fa6ee5eeba" />
    <UnitTestResult executionId="e70c27e0-f025-45ca-b883-ef40006c1361" testId="868a59f5-c191-d974-6e11-b79e3198a78d" testName="Tidalarr.Tests.TidalCacheBindingTests.IStreamingResponseCache_ResolvesTo_TidalResponseCache" computerName="ALEX-PC" duration="00:00:00.0681544" startTime="2025-09-03T16:47:18.9370880-04:00" endTime="2025-09-03T16:47:18.9370880-04:00" testType="13cdc9d9-ddb5-4fa4-a97d-d965ccfc6d4b" outcome="Passed" testListId="8c84fa94-04c1-424b-9868-57a2d4851a1d" relativeResultsDirectory="e70c27e0-f025-45ca-b883-ef40006c1361" />
    <UnitTestResult executionId="8c21dfbf-cd63-43fc-81be-b61173fe3882" testId="7952910c-10da-9999-d06c-55141973b89f" testName="Tidalarr.Tests.TidalApiClientTests.GetTrackAsync_ValidId_ReturnsTrack" computerName="ALEX-PC" duration="00:00:00.0012545" startTime="2025-09-03T16:47:18.9499942-04:00" endTime="2025-09-03T16:47:18.9499943-04:00" testType="13cdc9d9-ddb5-4fa4-a97d-d965ccfc6d4b" outcome="Passed" testListId="8c84fa94-04c1-424b-9868-57a2d4851a1d" relativeResultsDirectory="8c21dfbf-cd63-43fc-81be-b61173fe3882" />
    <UnitTestResult executionId="0ab55c74-7767-485b-a849-f79a90e0414c" testId="13c48ccd-f7df-82fb-da42-1c0bb09dab29" testName="Tidalarr.Tests.UnitTest1.Test1" computerName="ALEX-PC" duration="00:00:00.0028463" startTime="2025-09-03T16:47:18.8797645-04:00" endTime="2025-09-03T16:47:18.8797966-04:00" testType="13cdc9d9-ddb5-4fa4-a97d-d965ccfc6d4b" outcome="Passed" testListId="8c84fa94-04c1-424b-9868-57a2d4851a1d" relativeResultsDirectory="0ab55c74-7767-485b-a849-f79a90e0414c" />
    <UnitTestResult executionId="fc851ba2-6fdf-4607-9ac0-b606f2299db6" testId="4fabc796-aca4-fc07-fbb2-7bcd658e395e" testName="Tidalarr.Tests.TidalOAuthServiceTests.GetValidTokensAsync_NotAuthenticated_ThrowsException" computerName="ALEX-PC" duration="00:00:00.0011239" startTime="2025-09-03T16:47:18.9564128-04:00" endTime="2025-09-03T16:47:18.9564129-04:00" testType="13cdc9d9-ddb5-4fa4-a97d-d965ccfc6d4b" outcome="Passed" testListId="8c84fa94-04c1-424b-9868-57a2d4851a1d" relativeResultsDirectory="fc851ba2-6fdf-4607-9ac0-b606f2299db6" />
    <UnitTestResult executionId="e11e5238-c543-4ca3-a8d4-23329c9a7b32" testId="00ce92a8-d719-6543-4ba6-21f42fe7ffd5" testName="Tidalarr.Tests.TidalResponseCacheTests.InvalidateHelpers_BuildExpectedPrefixes" computerName="ALEX-PC" duration="00:00:00.0065614" startTime="2025-09-03T16:47:18.8849327-04:00" endTime="2025-09-03T16:47:18.8849329-04:00" testType="13cdc9d9-ddb5-4fa4-a97d-d965ccfc6d4b" outcome="Passed" testListId="8c84fa94-04c1-424b-9868-57a2d4851a1d" relativeResultsDirectory="e11e5238-c543-4ca3-a8d4-23329c9a7b32" />
    <UnitTestResult executionId="f11df0d8-5936-4477-b988-ba4ae952357e" testId="c0969226-cd19-3487-c265-421df5396034" testName="Tidalarr.Tests.TidalApiClientRequestTests.GetStreamInfoAsync_BuildsExpectedEndpoint_AndParams" computerName="ALEX-PC" duration="00:00:00.0007933" startTime="2025-09-03T16:47:18.9484948-04:00" endTime="2025-09-03T16:47:18.9484949-04:00" testType="13cdc9d9-ddb5-4fa4-a97d-d965ccfc6d4b" outcome="Passed" testListId="8c84fa94-04c1-424b-9868-57a2d4851a1d" relativeResultsDirectory="f11df0d8-5936-4477-b988-ba4ae952357e" />
    <UnitTestResult executionId="9cd3ef06-aa81-4e4c-be55-183888a163ca" testId="d748a7fa-ec3b-6637-2d2d-10beb12e1523" testName="Tidalarr.Tests.TidalApiClientRequestTests.GetTrackAsync_BuildsExpectedEndpointAndQuery" computerName="ALEX-PC" duration="00:00:00.0018688" startTime="2025-09-03T16:47:18.9499466-04:00" endTime="2025-09-03T16:47:18.9499466-04:00" testType="13cdc9d9-ddb5-4fa4-a97d-d965ccfc6d4b" outcome="Passed" testListId="8c84fa94-04c1-424b-9868-57a2d4851a1d" relativeResultsDirectory="9cd3ef06-aa81-4e4c-be55-183888a163ca" />
    <UnitTestResult executionId="94e5ac55-237a-4015-bec8-c49a219cfcdc" testId="61d0c1f8-2715-2a3d-4bcf-96d45ef533c9" testName="Tidalarr.Tests.TidalOAuthServiceTests.PKCEGenerator_GeneratesValidChallengePair" computerName="ALEX-PC" duration="00:00:00.0117211" startTime="2025-09-03T16:47:18.9106966-04:00" endTime="2025-09-03T16:47:18.9106967-04:00" testType="13cdc9d9-ddb5-4fa4-a97d-d965ccfc6d4b" outcome="Passed" testListId="8c84fa94-04c1-424b-9868-57a2d4851a1d" relativeResultsDirectory="94e5ac55-237a-4015-bec8-c49a219cfcdc" />
    <UnitTestResult executionId="3fcbc497-e47c-4634-9377-7752773e89f6" testId="4813eb23-4096-4d87-6f49-450ccb744f72" testName="Tidalarr.Tests.TidalIndexerSettingsValidationTests.ValidateSettings_MissingFields_ReturnsErrors" computerName="ALEX-PC" duration="00:00:00.0825529" startTime="2025-09-03T16:47:18.9754878-04:00" endTime="2025-09-03T16:47:18.9754883-04:00" testType="13cdc9d9-ddb5-4fa4-a97d-d965ccfc6d4b" outcome="Passed" testListId="8c84fa94-04c1-424b-9868-57a2d4851a1d" relativeResultsDirectory="3fcbc497-e47c-4634-9377-7752773e89f6" />
    <UnitTestResult executionId="347d2c3a-bbd9-454d-b8e3-adada870ca7f" testId="b32240b4-77d0-208a-ffa4-8486e5cf0c51" testName="Tidalarr.Tests.Unit.PKCEGeneratorTests.PKCEGenerator_GeneratePair_CodeChallenge_IsSha256OfVerifier" computerName="ALEX-PC" duration="00:00:00.0003545" startTime="2025-09-03T16:47:18.9142976-04:00" endTime="2025-09-03T16:47:18.9142977-04:00" testType="13cdc9d9-ddb5-4fa4-a97d-d965ccfc6d4b" outcome="Passed" testListId="8c84fa94-04c1-424b-9868-57a2d4851a1d" relativeResultsDirectory="347d2c3a-bbd9-454d-b8e3-adada870ca7f" />
    <UnitTestResult executionId="f45d7993-9735-48f8-80f6-a8fcc3ffbe5c" testId="2db28a1b-37d7-60d2-83c2-36f4ee9cb3cd" testName="Tidalarr.Tests.TidalAudioProcessorSeamTests.ProcessAudioFileAsync_UsesProcessor_ForSuccessfulFlacExtraction" computerName="ALEX-PC" duration="00:00:00.0112113" startTime="2025-09-03T16:47:18.9633161-04:00" endTime="2025-09-03T16:47:18.9633175-04:00" testType="13cdc9d9-ddb5-4fa4-a97d-d965ccfc6d4b" outcome="Passed" testListId="8c84fa94-04c1-424b-9868-57a2d4851a1d" relativeResultsDirectory="f45d7993-9735-48f8-80f6-a8fcc3ffbe5c" />
    <UnitTestResult executionId="b99f8020-22c0-439c-ad8b-3a6ec3a0c19a" testId="204f75a1-65ee-1ec6-780f-8fbb459853ad" testName="Tidalarr.Tests.Unit.TidalExceptionsTests.AllTidalExceptions_InheritFrom_Exception(exceptionType: typeof(Tidalarr.Core.Exceptions.TidalException))" computerName="ALEX-PC" duration="00:00:00.0001044" startTime="2025-09-03T16:47:18.9185032-04:00" endTime="2025-09-03T16:47:18.9185033-04:00" testType="13cdc9d9-ddb5-4fa4-a97d-d965ccfc6d4b" outcome="Passed" testListId="8c84fa94-04c1-424b-9868-57a2d4851a1d" relativeResultsDirectory="b99f8020-22c0-439c-ad8b-3a6ec3a0c19a" />
    <UnitTestResult executionId="901f27f9-71c9-4fc9-9143-072a8c891566" testId="168d38b8-5cf4-1c0b-0eb0-62f42fb0cc89" testName="Tidalarr.Tests.Unit.TidalExceptionsTests.TidalApiException_Constructor_WithoutStatusCode_StatusCodeIsNull" computerName="ALEX-PC" duration="00:00:00.0002651" startTime="2025-09-03T16:47:18.9192482-04:00" endTime="2025-09-03T16:47:18.9192482-04:00" testType="13cdc9d9-ddb5-4fa4-a97d-d965ccfc6d4b" outcome="Passed" testListId="8c84fa94-04c1-424b-9868-57a2d4851a1d" relativeResultsDirectory="901f27f9-71c9-4fc9-9143-072a8c891566" />
    <UnitTestResult executionId="2e477d28-87e3-46ec-b65a-f4c7974f0a76" testId="15778f06-6723-cbbb-dc07-3021495b1d9d" testName="Tidalarr.Tests.TidalDownloadClientEnhancedTests.DownloadTrackWithMetadataAsync_Succeeds_AndWritesFile" computerName="ALEX-PC" duration="00:00:00.0077172" startTime="2025-09-03T16:47:49.5417932-04:00" endTime="2025-09-03T16:47:49.5417938-04:00" testType="13cdc9d9-ddb5-4fa4-a97d-d965ccfc6d4b" outcome="Passed" testListId="8c84fa94-04c1-424b-9868-57a2d4851a1d" relativeResultsDirectory="2e477d28-87e3-46ec-b65a-f4c7974f0a76" />
    <UnitTestResult executionId="d6864139-21a8-4dfe-83f2-d72b414063a8" testId="edd2619c-dc01-715f-6215-932358e0bc34" testName="Tidalarr.Tests.Week1MilestoneTests.BronzeMilestone_QualityDetection_WorksCorrectly" computerName="ALEX-PC" duration="00:00:00.0084064" startTime="2025-09-03T16:47:18.9595338-04:00" endTime="2025-09-03T16:47:18.9595339-04:00" testType="13cdc9d9-ddb5-4fa4-a97d-d965ccfc6d4b" outcome="Passed" testListId="8c84fa94-04c1-424b-9868-57a2d4851a1d" relativeResultsDirectory="d6864139-21a8-4dfe-83f2-d72b414063a8" />
    <UnitTestResult executionId="28051118-f67d-4243-ac76-ca7eed49a304" testId="b209138f-ac67-dbb8-9776-853c7afe3ba3" testName="Tidalarr.Tests.Unit.TidalExceptionsTests.TidalException_Constructor_WithMessageAndInnerException_SetsBoth" computerName="ALEX-PC" duration="00:00:00.0001345" startTime="2025-09-03T16:47:18.9204129-04:00" endTime="2025-09-03T16:47:18.9204130-04:00" testType="13cdc9d9-ddb5-4fa4-a97d-d965ccfc6d4b" outcome="Passed" testListId="8c84fa94-04c1-424b-9868-57a2d4851a1d" relativeResultsDirectory="28051118-f67d-4243-ac76-ca7eed49a304" />
    <UnitTestResult executionId="e18858a0-0bb4-4520-9ad7-ffee138b1792" testId="6bdeb933-c098-3a33-7770-99d2cb1e26a9" testName="Tidalarr.Tests.TidalDownloadClientFileNameTests.GenerateFileName_SanitizesReservedAndInvalidCharacters(title: &quot;  T  I  T  L  E  &quot;, artist: &quot;  A  R  T  I  S  T  &quot;, expectedEndsWith: &quot;00 - A  R  T  I  S  T  - T  I  T  L  E.flac&quot;)" computerName="ALEX-PC" duration="00:00:00.0010330" startTime="2025-09-03T16:47:18.9755508-04:00" endTime="2025-09-03T16:47:18.9755509-04:00" testType="13cdc9d9-ddb5-4fa4-a97d-d965ccfc6d4b" outcome="Passed" testListId="8c84fa94-04c1-424b-9868-57a2d4851a1d" relativeResultsDirectory="e18858a0-0bb4-4520-9ad7-ffee138b1792" />
    <UnitTestResult executionId="379d1871-7ee8-429b-8e50-2a61bb755c21" testId="12aecc64-b8c2-d707-b33d-717ab31aec1a" testName="Tidalarr.Tests.Unit.TidalModelsTests.TidalAlbumInfo_Constructor_WithValidData_SetsAllProperties" computerName="ALEX-PC" duration="00:00:00.0006200" startTime="2025-09-03T16:47:18.9507064-04:00" endTime="2025-09-03T16:47:18.9507064-04:00" testType="13cdc9d9-ddb5-4fa4-a97d-d965ccfc6d4b" outcome="Passed" testListId="8c84fa94-04c1-424b-9868-57a2d4851a1d" relativeResultsDirectory="379d1871-7ee8-429b-8e50-2a61bb755c21" />
    <UnitTestResult executionId="00b4acd1-25f7-4d55-aa12-795ec660858a" testId="b4bfc7b0-7ed5-0311-b5a3-888b5c12cd05" testName="Tidalarr.Tests.TidalQualityDetectorTests.DetectHighestAvailableQuality_FromTags_ReturnsExpected(tags: [&quot;LOSSLESS&quot;], expected: Lossless)" computerName="ALEX-PC" duration="00:00:00.0000117" startTime="2025-09-03T16:47:18.9586490-04:00" endTime="2025-09-03T16:47:18.9586491-04:00" testType="13cdc9d9-ddb5-4fa4-a97d-d965ccfc6d4b" outcome="Passed" testListId="8c84fa94-04c1-424b-9868-57a2d4851a1d" relativeResultsDirectory="00b4acd1-25f7-4d55-aa12-795ec660858a" />
    <UnitTestResult executionId="7776ed39-e1c5-43ec-b023-8f1f62976f78" testId="46f419f1-5c0c-75d2-da95-8b737d09e2c0" testName="Tidalarr.Tests.Week1MilestoneTests.BronzeMilestone_ComponentIntegration_AllComponentsWork" computerName="ALEX-PC" duration="00:00:00.0005636" startTime="2025-09-03T16:47:18.9493491-04:00" endTime="2025-09-03T16:47:18.9493491-04:00" testType="13cdc9d9-ddb5-4fa4-a97d-d965ccfc6d4b" outcome="Passed" testListId="8c84fa94-04c1-424b-9868-57a2d4851a1d" relativeResultsDirectory="7776ed39-e1c5-43ec-b023-8f1f62976f78" />
    <UnitTestResult executionId="52431cf3-a872-4645-a9a0-20c179c078ae" testId="a6f453e7-b7a9-d09c-a78b-e7cb904db295" testName="Tidalarr.Tests.TidalOAuthServiceTokenLifecycleTests.GetValidTokens_Throws_WhenNoStoredOrCurrentTokens" computerName="ALEX-PC" duration="00:00:00.0018178" startTime="2025-09-03T16:47:18.9473919-04:00" endTime="2025-09-03T16:47:18.9473919-04:00" testType="13cdc9d9-ddb5-4fa4-a97d-d965ccfc6d4b" outcome="Passed" testListId="8c84fa94-04c1-424b-9868-57a2d4851a1d" relativeResultsDirectory="52431cf3-a872-4645-a9a0-20c179c078ae" />
    <UnitTestResult executionId="fd2bb090-741e-4c6c-bb63-03952695e706" testId="90db7324-f6e8-d725-7c09-f4af4f4ff52a" testName="Tidalarr.Tests.Unit.PKCEGeneratorTests.PKCEGenerator_GeneratePair_Entropy_IsHighQuality" computerName="ALEX-PC" duration="00:00:00.0266270" startTime="2025-09-03T16:47:18.9176762-04:00" endTime="2025-09-03T16:47:18.9176763-04:00" testType="13cdc9d9-ddb5-4fa4-a97d-d965ccfc6d4b" outcome="Passed" testListId="8c84fa94-04c1-424b-9868-57a2d4851a1d" relativeResultsDirectory="fd2bb090-741e-4c6c-bb63-03952695e706" />
    <UnitTestResult executionId="ce6f14e3-e3df-433a-847b-fc90b73b4c75" testId="28e3ce90-2d3b-53c0-bbe2-46c3c93b48e1" testName="Tidalarr.Tests.Unit.TidalConstantsTests.TidalConstants_ClientCredentials_AreNotEmpty" computerName="ALEX-PC" duration="00:00:00.0108725" startTime="2025-09-03T16:47:18.9102457-04:00" endTime="2025-09-03T16:47:18.9102459-04:00" testType="13cdc9d9-ddb5-4fa4-a97d-d965ccfc6d4b" outcome="Passed" testListId="8c84fa94-04c1-424b-9868-57a2d4851a1d" relativeResultsDirectory="ce6f14e3-e3df-433a-847b-fc90b73b4c75" />
    <UnitTestResult executionId="4da9e6c0-d256-4c78-82a4-2ed44a0ebca7" testId="6331c14e-e689-a7be-2e76-6ed87fde6f6e" testName="Tidalarr.Tests.TidalOAuthServiceTests.GenerateAuthUrl_ReturnsValidTidalOAuthUrl" computerName="ALEX-PC" duration="00:00:00.0006510" startTime="2025-09-03T16:47:18.9556922-04:00" endTime="2025-09-03T16:47:18.9556923-04:00" testType="13cdc9d9-ddb5-4fa4-a97d-d965ccfc6d4b" outcome="Passed" testListId="8c84fa94-04c1-424b-9868-57a2d4851a1d" relativeResultsDirectory="4da9e6c0-d256-4c78-82a4-2ed44a0ebca7" />
    <UnitTestResult executionId="29b11913-b5d1-410a-80d5-c00bf41e2842" testId="564e976e-7abf-241c-dc50-e867468cb0ab" testName="Tidalarr.Tests.TidalDownloadClientFileNameTests.GenerateFileName_ZeroPadsTrackNumber" computerName="ALEX-PC" duration="00:00:00.0012457" startTime="2025-09-03T16:47:18.9777086-04:00" endTime="2025-09-03T16:47:18.9777087-04:00" testType="13cdc9d9-ddb5-4fa4-a97d-d965ccfc6d4b" outcome="Passed" testListId="8c84fa94-04c1-424b-9868-57a2d4851a1d" relativeResultsDirectory="29b11913-b5d1-410a-80d5-c00bf41e2842" />
    <UnitTestResult executionId="745db854-6ff6-4c5d-ae3d-e2fbb8c6a11b" testId="71f75c1c-763d-36c9-1734-3f447f840975" testName="Tidalarr.Tests.Unit.TidalTelemetryTests.TidalTelemetry_TrackApiCall_LogsWithLatency" computerName="ALEX-PC" duration="00:00:00.0212738" startTime="2025-09-03T16:47:18.9183680-04:00" endTime="2025-09-03T16:47:18.9183681-04:00" testType="13cdc9d9-ddb5-4fa4-a97d-d965ccfc6d4b" outcome="Passed" testListId="8c84fa94-04c1-424b-9868-57a2d4851a1d" relativeResultsDirectory="745db854-6ff6-4c5d-ae3d-e2fbb8c6a11b" />
    <UnitTestResult executionId="55ac4d18-c459-4a16-ac9d-e1612ee9fe1c" testId="620c54a1-60fe-3480-749a-32553489dcc1" testName="Tidalarr.Tests.TidalRateLimiterBindingTests.AdaptiveRateLimiter_ResolvesTo_TidalRateLimiter" computerName="ALEX-PC" duration="00:00:00.0681175" startTime="2025-09-03T16:47:18.9371093-04:00" endTime="2025-09-03T16:47:18.9371093-04:00" testType="13cdc9d9-ddb5-4fa4-a97d-d965ccfc6d4b" outcome="Passed" testListId="8c84fa94-04c1-424b-9868-57a2d4851a1d" relativeResultsDirectory="55ac4d18-c459-4a16-ac9d-e1612ee9fe1c" />
    <UnitTestResult executionId="870a8a05-fce0-4108-ab3e-b71f060f1ca4" testId="76fc06ec-1da6-877a-d0ae-6d6f4ed67daf" testName="Tidalarr.Tests.ArchitectValidationTests.ArchitectValidation_SharedLibraryIntegration_Optimal" computerName="ALEX-PC" duration="00:00:00.0000993" startTime="2025-09-03T16:47:18.9725811-04:00" endTime="2025-09-03T16:47:18.9725812-04:00" testType="13cdc9d9-ddb5-4fa4-a97d-d965ccfc6d4b" outcome="Passed" testListId="8c84fa94-04c1-424b-9868-57a2d4851a1d" relativeResultsDirectory="870a8a05-fce0-4108-ab3e-b71f060f1ca4" />
    <UnitTestResult executionId="99335e48-f796-45ee-b95d-13ac3a2b39ee" testId="e56f9f7a-30bf-3f05-3be5-8a20cca3abb2" testName="Tidalarr.Tests.TidalSettingsTests.ValidateMarket_VariousMarkets_ValidatesCorrectly(market: &quot;FR&quot;, expectedValid: True)" computerName="ALEX-PC" duration="00:00:00.0000089" startTime="2025-09-03T16:47:18.9135557-04:00" endTime="2025-09-03T16:47:18.9135558-04:00" testType="13cdc9d9-ddb5-4fa4-a97d-d965ccfc6d4b" outcome="Passed" testListId="8c84fa94-04c1-424b-9868-57a2d4851a1d" relativeResultsDirectory="99335e48-f796-45ee-b95d-13ac3a2b39ee" />
    <UnitTestResult executionId="2fe659c2-c9d4-4279-9d4d-e177b702d18e" testId="ebf7e52f-056d-53ca-780d-a9bfb2f115f7" testName="Tidalarr.Tests.TidalApiClientAlbumTracksMissingItemsTests.GetAlbumTracksAsync_MissingItems_Throws" computerName="ALEX-PC" duration="00:00:00.0489085" startTime="2025-09-03T16:47:18.9473584-04:00" endTime="2025-09-03T16:47:18.9473585-04:00" testType="13cdc9d9-ddb5-4fa4-a97d-d965ccfc6d4b" outcome="Passed" testListId="8c84fa94-04c1-424b-9868-57a2d4851a1d" relativeResultsDirectory="2fe659c2-c9d4-4279-9d4d-e177b702d18e" />
    <UnitTestResult executionId="675e2647-18ab-455c-a152-f438507a9c93" testId="97d77a21-e1d0-68f7-709a-d6eb4fff01fe" testName="Tidalarr.Tests.Unit.TidalProtocolTests.TidalProtocol_ParseUrl_WithValidUrls_ReturnsCorrectTypeAndId(url: &quot;tidal://album/123&quot;, expectedType: &quot;album&quot;, expectedId: &quot;123&quot;)" computerName="ALEX-PC" duration="00:00:00.0001605" startTime="2025-09-03T16:47:18.9173819-04:00" endTime="2025-09-03T16:47:18.9173820-04:00" testType="13cdc9d9-ddb5-4fa4-a97d-d965ccfc6d4b" outcome="Passed" testListId="8c84fa94-04c1-424b-9868-57a2d4851a1d" relativeResultsDirectory="675e2647-18ab-455c-a152-f438507a9c93" />
    <UnitTestResult executionId="e2d9f325-6d4a-466e-9089-2a910dafa86a" testId="38a1ff97-4d63-8afd-c277-a1df6a0ea016" testName="Tidalarr.Tests.Unit.TidalProtocolTests.TidalProtocol_IsValidUrl_WithVariousInputs_ReturnsExpected(url: &quot;http://tidal.com/album/123&quot;, expected: False)" computerName="ALEX-PC" duration="00:00:00.0002549" startTime="2025-09-03T16:47:18.9162190-04:00" endTime="2025-09-03T16:47:18.9162191-04:00" testType="13cdc9d9-ddb5-4fa4-a97d-d965ccfc6d4b" outcome="Passed" testListId="8c84fa94-04c1-424b-9868-57a2d4851a1d" relativeResultsDirectory="e2d9f325-6d4a-466e-9089-2a910dafa86a" />
    <UnitTestResult executionId="d61cea49-6fdd-4191-b683-53bf760207cb" testId="bdffa5f3-86f5-8039-8cdf-6eddd28451f9" testName="Tidalarr.Tests.Week1MilestoneTests.BronzeMilestone_CompleteOAuthFlow_WorksEndToEnd" computerName="ALEX-PC" duration="00:00:00.0012786" startTime="2025-09-03T16:47:18.9491496-04:00" endTime="2025-09-03T16:47:18.9491496-04:00" testType="13cdc9d9-ddb5-4fa4-a97d-d965ccfc6d4b" outcome="Passed" testListId="8c84fa94-04c1-424b-9868-57a2d4851a1d" relativeResultsDirectory="d61cea49-6fdd-4191-b683-53bf760207cb" />
    <UnitTestResult executionId="eb8195a2-5b76-4747-8308-4973163d204f" testId="88f2eaf8-b7ea-dab1-55d7-b77b181129dc" testName="Tidalarr.Tests.Unit.TidalExceptionsTests.AllSpecificExceptions_InheritFrom_TidalException(exceptionType: typeof(Tidalarr.Core.Exceptions.TidalApiException))" computerName="ALEX-PC" duration="00:00:00.0000054" startTime="2025-09-03T16:47:18.9205908-04:00" endTime="2025-09-03T16:47:18.9205908-04:00" testType="13cdc9d9-ddb5-4fa4-a97d-d965ccfc6d4b" outcome="Passed" testListId="8c84fa94-04c1-424b-9868-57a2d4851a1d" relativeResultsDirectory="eb8195a2-5b76-4747-8308-4973163d204f" />
    <UnitTestResult executionId="2db98462-d364-4573-bf52-09747192cb5a" testId="7c4577d6-e827-26ce-a253-4e63e291df38" testName="Tidalarr.Tests.TidalModelMapperRoundtripTests.Quality_Roundtrip_MappingMaintainsTier(q: Low)" computerName="ALEX-PC" duration="00:00:00.0000041" startTime="2025-09-03T16:47:18.9520058-04:00" endTime="2025-09-03T16:47:18.9520059-04:00" testType="13cdc9d9-ddb5-4fa4-a97d-d965ccfc6d4b" outcome="Passed" testListId="8c84fa94-04c1-424b-9868-57a2d4851a1d" relativeResultsDirectory="2db98462-d364-4573-bf52-09747192cb5a" />
    <UnitTestResult executionId="c825df44-8af2-4a93-89b7-d520b0d9f6a2" testId="b6f48e51-6f5a-b901-7d1b-151782fee0be" testName="Tidalarr.Tests.TidalStreamManifestParsingTests.StreamManifest_MPD_ParsesChunkUrlsAndCodec" computerName="ALEX-PC" duration="00:00:00.0034606" startTime="2025-09-03T16:47:18.9518769-04:00" endTime="2025-09-03T16:47:18.9518769-04:00" testType="13cdc9d9-ddb5-4fa4-a97d-d965ccfc6d4b" outcome="Passed" testListId="8c84fa94-04c1-424b-9868-57a2d4851a1d" relativeResultsDirectory="c825df44-8af2-4a93-89b7-d520b0d9f6a2" />
    <UnitTestResult executionId="d1bc189a-2666-442d-af10-1dac3147e991" testId="f4e9950f-4801-9b2c-10db-ff5f55937924" testName="Tidalarr.Tests.Unit.TidalProtocolTests.TidalProtocol_IsValidUrl_WithVariousInputs_ReturnsExpected(url: &quot;spotify://track/123&quot;, expected: False)" computerName="ALEX-PC" duration="00:00:00.0000043" startTime="2025-09-03T16:47:18.9167233-04:00" endTime="2025-09-03T16:47:18.9167233-04:00" testType="13cdc9d9-ddb5-4fa4-a97d-d965ccfc6d4b" outcome="Passed" testListId="8c84fa94-04c1-424b-9868-57a2d4851a1d" relativeResultsDirectory="d1bc189a-2666-442d-af10-1dac3147e991" />
    <UnitTestResult executionId="52f00de7-9d4d-41bf-a5f0-affbf7c84f36" testId="55bae6cc-5175-0a46-7f58-9bf5e54600cf" testName="Tidalarr.Tests.Unit.TidalResiliencePolicyTests.TidalResiliencePolicy_ShouldRetry_WithVariousStatusCodes_ReturnsCorrectly(statusCode: BadRequest, shouldRetry: False)" computerName="ALEX-PC" duration="00:00:00.0003096" startTime="2025-09-03T16:47:18.9124221-04:00" endTime="2025-09-03T16:47:18.9124221-04:00" testType="13cdc9d9-ddb5-4fa4-a97d-d965ccfc6d4b" outcome="Passed" testListId="8c84fa94-04c1-424b-9868-57a2d4851a1d" relativeResultsDirectory="52f00de7-9d4d-41bf-a5f0-affbf7c84f36" />
    <UnitTestResult executionId="fb906561-efae-4398-bbb5-2f7b085a7bf4" testId="0217e22f-cbe2-7029-f300-4ad2bae491bf" testName="Tidalarr.Tests.TidalModelMapperTests.ToStreamingTrack_MapsCoreFields_AndMetadata" computerName="ALEX-PC" duration="00:00:00.0075285" startTime="2025-09-03T16:47:18.9438655-04:00" endTime="2025-09-03T16:47:18.9438656-04:00" testType="13cdc9d9-ddb5-4fa4-a97d-d965ccfc6d4b" outcome="Failed" testListId="8c84fa94-04c1-424b-9868-57a2d4851a1d" relativeResultsDirectory="fb906561-efae-4398-bbb5-2f7b085a7bf4">
      <Output>
        <ErrorInfo>
          <Message>Assert.Contains() Failure: Filter not matched in collection&#xD;
Collection: [FLAC 44.1kHz/16bit]</Message>
          <StackTrace>   at Tidalarr.Tests.TidalModelMapperTests.ToStreamingTrack_MapsCoreFields_AndMetadata() in I:\Arr-Plugins\Lidarr\Tidalarr\tests\Tidalarr.Tests\TidalModelMapperTests.cs:line 35&#xD;
   at System.RuntimeMethodHandle.InvokeMethod(Object target, Void** arguments, Signature sig, Boolean isConstructor)&#xD;
   at System.Reflection.MethodBaseInvoker.InvokeWithNoArgs(Object obj, BindingFlags invokeAttr)</StackTrace>
        </ErrorInfo>
      </Output>
    </UnitTestResult>
    <UnitTestResult executionId="3a72cb79-6769-4435-a3d2-005a858edc19" testId="1ac6a6b2-39c4-aa9b-92fa-f5a470a6e746" testName="Tidalarr.Tests.Unit.TidalResiliencePolicyTests.TidalResiliencePolicy_AllPolicyMethods_ReturnNonNullPolicies" computerName="ALEX-PC" duration="00:00:00.0010784" startTime="2025-09-03T16:47:40.4986298-04:00" endTime="2025-09-03T16:47:40.4986305-04:00" testType="13cdc9d9-ddb5-4fa4-a97d-d965ccfc6d4b" outcome="Passed" testListId="8c84fa94-04c1-424b-9868-57a2d4851a1d" relativeResultsDirectory="3a72cb79-6769-4435-a3d2-005a858edc19" />
    <UnitTestResult executionId="47078d2b-57e3-4160-8aa8-f90fcd94a971" testId="0b4b1a64-015e-68e7-808d-33fe2255ceb9" testName="Tidalarr.Tests.Unit.TidalProtocolTests.TidalProtocol_ParseUrl_WithInvalidUrls_ThrowsArgumentException(invalidUrl: &quot;tidal://album&quot;)" computerName="ALEX-PC" duration="00:00:00.0008842" startTime="2025-09-03T16:47:18.9157785-04:00" endTime="2025-09-03T16:47:18.9157786-04:00" testType="13cdc9d9-ddb5-4fa4-a97d-d965ccfc6d4b" outcome="Passed" testListId="8c84fa94-04c1-424b-9868-57a2d4851a1d" relativeResultsDirectory="47078d2b-57e3-4160-8aa8-f90fcd94a971" />
    <UnitTestResult executionId="bdcde526-ea0e-4181-8328-4f29f5fb0262" testId="1d44d947-3fd9-8ee6-95b8-faea2ed16c78" testName="Tidalarr.Tests.TidalApiClientNullTrackTests.GetTrackAsync_NullJson_ThrowsInvalidOperation" computerName="ALEX-PC" duration="00:00:00.0023059" startTime="2025-09-03T16:47:18.9557324-04:00" endTime="2025-09-03T16:47:18.9557325-04:00" testType="13cdc9d9-ddb5-4fa4-a97d-d965ccfc6d4b" outcome="Passed" testListId="8c84fa94-04c1-424b-9868-57a2d4851a1d" relativeResultsDirectory="bdcde526-ea0e-4181-8328-4f29f5fb0262" />
    <UnitTestResult executionId="3716f58a-8a5e-4354-973e-98cace71c6f1" testId="7e60440e-2fa8-7335-06ec-3979cbe5d6b0" testName="Tidalarr.Tests.Unit.PKCEGeneratorTests.PKCEGenerator_GenerateCodeVerifier_WithDifferentLengths_ReturnsCorrectLength(length: 64)" computerName="ALEX-PC" duration="00:00:00.0050043" startTime="2025-09-03T16:47:18.8860370-04:00" endTime="2025-09-03T16:47:18.8860372-04:00" testType="13cdc9d9-ddb5-4fa4-a97d-d965ccfc6d4b" outcome="Passed" testListId="8c84fa94-04c1-424b-9868-57a2d4851a1d" relativeResultsDirectory="3716f58a-8a5e-4354-973e-98cace71c6f1" />
    <UnitTestResult executionId="a18b6cd3-5111-44b3-98fb-4780bbc2b457" testId="7c2b05ae-4f8d-97d0-bcbe-5381245de097" testName="Tidalarr.Tests.TidalApiClientInvalidJsonMoreTests.SearchAsync_InvalidJson_ThrowsJsonException" computerName="ALEX-PC" duration="00:00:00.0012741" startTime="2025-09-03T16:47:18.9505629-04:00" endTime="2025-09-03T16:47:18.9505630-04:00" testType="13cdc9d9-ddb5-4fa4-a97d-d965ccfc6d4b" outcome="Passed" testListId="8c84fa94-04c1-424b-9868-57a2d4851a1d" relativeResultsDirectory="a18b6cd3-5111-44b3-98fb-4780bbc2b457" />
    <UnitTestResult executionId="8a729f70-2074-4bf4-9d3a-84f1911c2a09" testId="6af92961-920d-c6af-1272-6869e71f13a3" testName="Tidalarr.Tests.TidalStreamServiceManifestParsingBtsTests.GetStreamInfoWithManifestParsingAsync_BTS_ReturnsParsedInfo" computerName="ALEX-PC" duration="00:00:00.0017939" startTime="2025-09-03T16:47:18.9467327-04:00" endTime="2025-09-03T16:47:18.9467327-04:00" testType="13cdc9d9-ddb5-4fa4-a97d-d965ccfc6d4b" outcome="Passed" testListId="8c84fa94-04c1-424b-9868-57a2d4851a1d" relativeResultsDirectory="8a729f70-2074-4bf4-9d3a-84f1911c2a09" />
    <UnitTestResult executionId="868b9b9f-17d1-4e2e-aee4-40f71a00e17f" testId="64843526-3d25-b24c-50b1-3c238e5003cc" testName="Tidalarr.Tests.TidalApiClientNullDtoTests.SearchAsync_NullJson_ThrowsInvalidOperationException" computerName="ALEX-PC" duration="00:00:00.0019932" startTime="2025-09-03T16:47:18.9407114-04:00" endTime="2025-09-03T16:47:18.9407115-04:00" testType="13cdc9d9-ddb5-4fa4-a97d-d965ccfc6d4b" outcome="Passed" testListId="8c84fa94-04c1-424b-9868-57a2d4851a1d" relativeResultsDirectory="868b9b9f-17d1-4e2e-aee4-40f71a00e17f" />
    <UnitTestResult executionId="2be68e81-d4c0-4411-bd3d-9575843a72a7" testId="5f36961e-b0f7-01e4-9daf-fa61221bbf97" testName="Tidalarr.Tests.TidalStreamServiceQualityProbeTests.GetAvailableQualitiesForTrackAsync_ProbesInOrder" computerName="ALEX-PC" duration="00:00:00.0244259" startTime="2025-09-03T16:47:18.9152050-04:00" endTime="2025-09-03T16:47:18.9152051-04:00" testType="13cdc9d9-ddb5-4fa4-a97d-d965ccfc6d4b" outcome="Passed" testListId="8c84fa94-04c1-424b-9868-57a2d4851a1d" relativeResultsDirectory="2be68e81-d4c0-4411-bd3d-9575843a72a7" />
    <UnitTestResult executionId="6580821f-1a83-4777-b6ac-eb578f2e1e51" testId="c35f9892-792d-acca-4df4-fc6fbac812c0" testName="Tidalarr.Tests.SilverMedalIntegrationTests.SilverMedal_DownloadWorkflow_AllComponentsIntegrate" computerName="ALEX-PC" duration="00:00:00.0026149" startTime="2025-09-03T16:47:19.1601314-04:00" endTime="2025-09-03T16:47:19.1601318-04:00" testType="13cdc9d9-ddb5-4fa4-a97d-d965ccfc6d4b" outcome="Passed" testListId="8c84fa94-04c1-424b-9868-57a2d4851a1d" relativeResultsDirectory="6580821f-1a83-4777-b6ac-eb578f2e1e51" />
    <UnitTestResult executionId="440b3502-a913-4118-bcfb-9bf0604f0053" testId="86390386-9fca-3253-df80-6a1fc9fa7806" testName="Tidalarr.Tests.Unit.TidalStreamServiceTests.TidalStreamService_GetAvailableQualities_WithMultipleQualities_ReturnsAll" computerName="ALEX-PC" duration="00:00:00.0032014" startTime="2025-09-03T16:47:18.9513507-04:00" endTime="2025-09-03T16:47:18.9513507-04:00" testType="13cdc9d9-ddb5-4fa4-a97d-d965ccfc6d4b" outcome="Passed" testListId="8c84fa94-04c1-424b-9868-57a2d4851a1d" relativeResultsDirectory="440b3502-a913-4118-bcfb-9bf0604f0053" />
    <UnitTestResult executionId="545cb0ce-ec7a-4937-96e2-f0e81e632fd5" testId="7fa622f4-b169-6f80-fb06-3bcce67d8c30" testName="Tidalarr.Tests.TidalIndexerAuthExceptionTests.InitializeAsync_ReturnsInvalid_WhenAuthThrows" computerName="ALEX-PC" duration="00:00:00.0013204" startTime="2025-09-03T16:47:18.9138856-04:00" endTime="2025-09-03T16:47:18.9138856-04:00" testType="13cdc9d9-ddb5-4fa4-a97d-d965ccfc6d4b" outcome="Passed" testListId="8c84fa94-04c1-424b-9868-57a2d4851a1d" relativeResultsDirectory="545cb0ce-ec7a-4937-96e2-f0e81e632fd5" />
    <UnitTestResult executionId="b55881ab-2057-4e90-9829-1aa5b430bf73" testId="660de139-e1e5-23e8-904b-c134f5884cb8" testName="Tidalarr.Tests.TidalResponseCacheTests.GetCacheDuration_MatchesEndpointPolicies" computerName="ALEX-PC" duration="00:00:00.0039111" startTime="2025-09-03T16:47:18.9147408-04:00" endTime="2025-09-03T16:47:18.9147409-04:00" testType="13cdc9d9-ddb5-4fa4-a97d-d965ccfc6d4b" outcome="Passed" testListId="8c84fa94-04c1-424b-9868-57a2d4851a1d" relativeResultsDirectory="b55881ab-2057-4e90-9829-1aa5b430bf73" />
    <UnitTestResult executionId="0c5e1a60-e0f4-424e-83d0-5612516cc928" testId="299fdc4c-6ad2-223a-8454-2fe67d4a2e6e" testName="Tidalarr.Tests.TidalSettingsTests.IsValid_VariousRedirectUrls_ValidatesCorrectly(redirectUrl: &quot;&quot;, expectedValid: False, expectedError: &quot;Redirect URL is required&quot;)" computerName="ALEX-PC" duration="00:00:00.0002784" startTime="2025-09-03T16:47:18.9123649-04:00" endTime="2025-09-03T16:47:18.9123651-04:00" testType="13cdc9d9-ddb5-4fa4-a97d-d965ccfc6d4b" outcome="Passed" testListId="8c84fa94-04c1-424b-9868-57a2d4851a1d" relativeResultsDirectory="0c5e1a60-e0f4-424e-83d0-5612516cc928" />
    <UnitTestResult executionId="3583563c-d444-48ce-ad2e-61dcccc36fcc" testId="3ebf1cd3-d4a2-dc63-f9d3-f338549629ae" testName="Tidalarr.Tests.TidalApiClientRequestTests.GetAlbumTracksAsync_BuildsExpectedEndpointAndQuery" computerName="ALEX-PC" duration="00:00:00.0015422" startTime="2025-09-03T16:47:18.9520383-04:00" endTime="2025-09-03T16:47:18.9520383-04:00" testType="13cdc9d9-ddb5-4fa4-a97d-d965ccfc6d4b" outcome="Passed" testListId="8c84fa94-04c1-424b-9868-57a2d4851a1d" relativeResultsDirectory="3583563c-d444-48ce-ad2e-61dcccc36fcc" />
    <UnitTestResult executionId="4d555415-a599-47c0-80a3-c6ff77350812" testId="12ead142-49f2-b898-265e-b4bfb45f372a" testName="Tidalarr.Tests.Unit.TidalResiliencePolicyTests.TidalResiliencePolicy_ShouldRetry_WithVariousStatusCodes_ReturnsCorrectly(statusCode: Unauthorized, shouldRetry: False)" computerName="ALEX-PC" duration="00:00:00.0000060" startTime="2025-09-03T16:47:18.9128926-04:00" endTime="2025-09-03T16:47:18.9128926-04:00" testType="13cdc9d9-ddb5-4fa4-a97d-d965ccfc6d4b" outcome="Passed" testListId="8c84fa94-04c1-424b-9868-57a2d4851a1d" relativeResultsDirectory="4d555415-a599-47c0-80a3-c6ff77350812" />
    <UnitTestResult executionId="c23b9e72-48e9-4a66-bf86-ac1b0529187f" testId="fa6d0059-a043-2355-d696-e775e89f3146" testName="Tidalarr.Tests.Unit.TidalTelemetryTests.TidalTelemetry_TrackAuthentication_LogsSuccessAndFailure(success: False, errorMessage: &quot;Invalid credentials&quot;)" computerName="ALEX-PC" duration="00:00:00.0078137" startTime="2025-09-03T16:47:18.9147831-04:00" endTime="2025-09-03T16:47:18.9147832-04:00" testType="13cdc9d9-ddb5-4fa4-a97d-d965ccfc6d4b" outcome="Passed" testListId="8c84fa94-04c1-424b-9868-57a2d4851a1d" relativeResultsDirectory="c23b9e72-48e9-4a66-bf86-ac1b0529187f" />
    <UnitTestResult executionId="ecbaacf3-6a64-4d35-8a9f-7a250cebac79" testId="abfe7b3b-323a-ba6f-efc3-4a5ad9e4ecf4" testName="Tidalarr.Tests.TidalSettingsTests.ValidateMarket_VariousMarkets_ValidatesCorrectly(market: &quot;INVALID&quot;, expectedValid: False)" computerName="ALEX-PC" duration="00:00:00.0006328" startTime="2025-09-03T16:47:18.9134907-04:00" endTime="2025-09-03T16:47:18.9134907-04:00" testType="13cdc9d9-ddb5-4fa4-a97d-d965ccfc6d4b" outcome="Passed" testListId="8c84fa94-04c1-424b-9868-57a2d4851a1d" relativeResultsDirectory="ecbaacf3-6a64-4d35-8a9f-7a250cebac79" />
    <UnitTestResult executionId="8f05447e-9517-4fb9-bd05-53ec33f3936a" testId="e677ea6d-cc12-c251-4675-3149c8efb645" testName="Tidalarr.Tests.JsonTokenStorageTests.DeleteTokens_FileExists_RemovesFile" computerName="ALEX-PC" duration="00:00:00.0901815" startTime="2025-09-03T16:47:18.9603274-04:00" endTime="2025-09-03T16:47:18.9603275-04:00" testType="13cdc9d9-ddb5-4fa4-a97d-d965ccfc6d4b" outcome="Passed" testListId="8c84fa94-04c1-424b-9868-57a2d4851a1d" relativeResultsDirectory="8f05447e-9517-4fb9-bd05-53ec33f3936a" />
    <UnitTestResult executionId="761f1f1b-8c0c-4f13-9c4b-876fdce1a127" testId="5ce178f0-40c5-c628-a111-9080d63e6ec8" testName="Tidalarr.Tests.Week2MilestoneTests.SilverMilestone_SearchAndDownload_IntegrationWorks" computerName="ALEX-PC" duration="00:00:00.0029399" startTime="2025-09-03T16:47:18.9757103-04:00" endTime="2025-09-03T16:47:18.9757106-04:00" testType="13cdc9d9-ddb5-4fa4-a97d-d965ccfc6d4b" outcome="Passed" testListId="8c84fa94-04c1-424b-9868-57a2d4851a1d" relativeResultsDirectory="761f1f1b-8c0c-4f13-9c4b-876fdce1a127" />
    <UnitTestResult executionId="69267fdf-c1e0-401e-8e64-caa9c973a855" testId="51daf9ee-cef2-9405-ff09-154133e9a508" testName="Tidalarr.Tests.TidalCliIntegrationTests.RunAsync_TestOauth_PrintsExpectedMarkers" computerName="ALEX-PC" duration="00:00:00.0199394" startTime="2025-09-03T16:47:18.9370012-04:00" endTime="2025-09-03T16:47:18.9370013-04:00" testType="13cdc9d9-ddb5-4fa4-a97d-d965ccfc6d4b" outcome="Passed" testListId="8c84fa94-04c1-424b-9868-57a2d4851a1d" relativeResultsDirectory="69267fdf-c1e0-401e-8e64-caa9c973a855" />
    <UnitTestResult executionId="91d64da5-6eec-4b50-9bb3-1646b44b5aef" testId="85225c56-6ae0-5f55-33dd-d6b20d66f476" testName="Tidalarr.Tests.Unit.TidalResiliencePolicyTests.TidalResiliencePolicy_ShouldRetry_WithVariousStatusCodes_ReturnsCorrectly(statusCode: TooManyRequests, shouldRetry: True)" computerName="ALEX-PC" duration="00:00:00.0000050" startTime="2025-09-03T16:47:18.9129583-04:00" endTime="2025-09-03T16:47:18.9129584-04:00" testType="13cdc9d9-ddb5-4fa4-a97d-d965ccfc6d4b" outcome="Passed" testListId="8c84fa94-04c1-424b-9868-57a2d4851a1d" relativeResultsDirectory="91d64da5-6eec-4b50-9bb3-1646b44b5aef" />
    <UnitTestResult executionId="99b49ace-0587-4dfc-969b-0b3fa264fe0b" testId="e4b500ff-8433-3302-0c80-295c7cf0a2fe" testName="Tidalarr.Tests.Week1MilestoneTests.BronzeMilestone_SearchIntegration_WorksWithQuality" computerName="ALEX-PC" duration="00:00:00.0013152" startTime="2025-09-03T16:47:18.9505962-04:00" endTime="2025-09-03T16:47:18.9505963-04:00" testType="13cdc9d9-ddb5-4fa4-a97d-d965ccfc6d4b" outcome="Passed" testListId="8c84fa94-04c1-424b-9868-57a2d4851a1d" relativeResultsDirectory="99b49ace-0587-4dfc-969b-0b3fa264fe0b" />
    <UnitTestResult executionId="3a4258b6-bc75-4516-a841-2a0d6ac28222" testId="cb64c479-0a1a-7041-b1a0-11bfa4a3115c" testName="Tidalarr.Tests.TidalApiClientErrorTests.GetAlbumAsync_NonSuccessStatus_ThrowsHttpRequestException" computerName="ALEX-PC" duration="00:00:30.6294964" startTime="2025-09-03T16:47:49.5484830-04:00" endTime="2025-09-03T16:47:49.5484836-04:00" testType="13cdc9d9-ddb5-4fa4-a97d-d965ccfc6d4b" outcome="Passed" testListId="8c84fa94-04c1-424b-9868-57a2d4851a1d" relativeResultsDirectory="3a4258b6-bc75-4516-a841-2a0d6ac28222" />
    <UnitTestResult executionId="5546fb8f-c2b3-4be6-8aa5-a8e5fba90596" testId="1951a992-08aa-19d4-a338-88c9d43149c4" testName="Tidalarr.Tests.Unit.TidalModelsTests.TidalTokens_IsExpired_WhenExpiresAtInPast_ReturnsTrue" computerName="ALEX-PC" duration="00:00:00.0000931" startTime="2025-09-03T16:47:18.9555667-04:00" endTime="2025-09-03T16:47:18.9555668-04:00" testType="13cdc9d9-ddb5-4fa4-a97d-d965ccfc6d4b" outcome="Passed" testListId="8c84fa94-04c1-424b-9868-57a2d4851a1d" relativeResultsDirectory="5546fb8f-c2b3-4be6-8aa5-a8e5fba90596" />
    <UnitTestResult executionId="d686adaf-6e65-47aa-89fe-ba68cc3fcd28" testId="c8433db8-e9d8-9a61-7218-ecb4c5534491" testName="Tidalarr.Tests.TidalQualityDetectorTests.SelectBestQuality_UserPrefersLossless_SelectsBestAvailable" computerName="ALEX-PC" duration="00:00:00.0008327" startTime="2025-09-03T16:47:18.9594993-04:00" endTime="2025-09-03T16:47:18.9594993-04:00" testType="13cdc9d9-ddb5-4fa4-a97d-d965ccfc6d4b" outcome="Passed" testListId="8c84fa94-04c1-424b-9868-57a2d4851a1d" relativeResultsDirectory="d686adaf-6e65-47aa-89fe-ba68cc3fcd28" />
    <UnitTestResult executionId="6ada987e-ea3e-42d2-94be-9d1cac1199de" testId="483650ae-e28b-0327-6a53-6df3db6d0da4" testName="Tidalarr.Tests.TidalOAuthServiceTests.RefreshTokensAsync_ValidRefreshToken_ReturnsNewTokens" computerName="ALEX-PC" duration="00:00:00.0000496" startTime="2025-09-03T16:47:18.9578147-04:00" endTime="2025-09-03T16:47:18.9578148-04:00" testType="13cdc9d9-ddb5-4fa4-a97d-d965ccfc6d4b" outcome="Passed" testListId="8c84fa94-04c1-424b-9868-57a2d4851a1d" relativeResultsDirectory="6ada987e-ea3e-42d2-94be-9d1cac1199de" />
    <UnitTestResult executionId="15c3daff-da18-411f-94c4-185ef02c2894" testId="2609ec64-55c5-0c38-cf8e-d50a237d15b9" testName="Tidalarr.Tests.TidalSettingsTests.TidalSettings_DefaultValues_AreCorrect" computerName="ALEX-PC" duration="00:00:00.0011999" startTime="2025-09-03T16:47:18.9139046-04:00" endTime="2025-09-03T16:47:18.9139046-04:00" testType="13cdc9d9-ddb5-4fa4-a97d-d965ccfc6d4b" outcome="Passed" testListId="8c84fa94-04c1-424b-9868-57a2d4851a1d" relativeResultsDirectory="15c3daff-da18-411f-94c4-185ef02c2894" />
    <UnitTestResult executionId="939f3620-66ae-437a-a3e0-0fe3363cdc95" testId="8280dcbe-b995-ddf5-4272-2f285ee7c761" testName="Tidalarr.Tests.JsonTokenStorageTests.SaveAndLoadTokens_ValidTokens_RoundTripSuccessful" computerName="ALEX-PC" duration="00:00:00.0194779" startTime="2025-09-03T16:47:18.9792820-04:00" endTime="2025-09-03T16:47:18.9792821-04:00" testType="13cdc9d9-ddb5-4fa4-a97d-d965ccfc6d4b" outcome="Passed" testListId="8c84fa94-04c1-424b-9868-57a2d4851a1d" relativeResultsDirectory="939f3620-66ae-437a-a3e0-0fe3363cdc95" />
    <UnitTestResult executionId="f59339e9-73f0-47cd-8644-e7fd9957af87" testId="fe236bc7-bfe0-9dcc-0eeb-481e8469e6d2" testName="Tidalarr.Tests.ArchitectValidationTests.ArchitectValidation_Issue4_StreamToDiscForLargeFiles" computerName="ALEX-PC" duration="00:00:00.0542885" startTime="2025-09-03T16:47:18.9705550-04:00" endTime="2025-09-03T16:47:18.9705556-04:00" testType="13cdc9d9-ddb5-4fa4-a97d-d965ccfc6d4b" outcome="Passed" testListId="8c84fa94-04c1-424b-9868-57a2d4851a1d" relativeResultsDirectory="f59339e9-73f0-47cd-8644-e7fd9957af87" />
    <UnitTestResult executionId="b0528505-50db-4458-869d-9b91294bb7ae" testId="74e498fb-4328-0105-2470-9a829a5f7b03" testName="Tidalarr.Tests.TidalModuleEndToEndDiFlowsTests.DI_Flow_IndexerSearch_And_DownloadValidation_Work" computerName="ALEX-PC" duration="00:00:00.0022696" startTime="2025-09-03T16:47:18.9425425-04:00" endTime="2025-09-03T16:47:18.9425426-04:00" testType="13cdc9d9-ddb5-4fa4-a97d-d965ccfc6d4b" outcome="Failed" testListId="8c84fa94-04c1-424b-9868-57a2d4851a1d" relativeResultsDirectory="b0528505-50db-4458-869d-9b91294bb7ae">
      <Output>
        <ErrorInfo>
          <Message>System.InvalidCastException : Unable to cast object of type 'AuthStub' to type 'Tidalarr.Domain.Authentication.TidalOAuthService'.</Message>
          <StackTrace>   at Tidalarr.Integration.TidalModule.&lt;&gt;c.&lt;RegisterServices&gt;b__8_3(IServiceProvider sp) in I:\Arr-Plugins\Lidarr\Tidalarr\src\Tidalarr\Integration\TidalModule.cs:line 57&#xD;
   at Microsoft.Extensions.DependencyInjection.ServiceLookup.CallSiteRuntimeResolver.VisitFactory(FactoryCallSite factoryCallSite, RuntimeResolverContext context)&#xD;
   at Microsoft.Extensions.DependencyInjection.ServiceLookup.CallSiteVisitor`2.VisitCallSiteMain(ServiceCallSite callSite, TArgument argument)&#xD;
   at Microsoft.Extensions.DependencyInjection.ServiceLookup.CallSiteRuntimeResolver.VisitRootCache(ServiceCallSite callSite, RuntimeResolverContext context)&#xD;
   at Microsoft.Extensions.DependencyInjection.ServiceLookup.CallSiteRuntimeResolver.VisitScopeCache(ServiceCallSite callSite, RuntimeResolverContext context)&#xD;
   at Microsoft.Extensions.DependencyInjection.ServiceLookup.CallSiteVisitor`2.VisitCallSite(ServiceCallSite callSite, TArgument argument)&#xD;
   at Microsoft.Extensions.DependencyInjection.ServiceLookup.CallSiteRuntimeResolver.VisitConstructor(ConstructorCallSite constructorCallSite, RuntimeResolverContext context)&#xD;
   at Microsoft.Extensions.DependencyInjection.ServiceLookup.CallSiteVisitor`2.VisitCallSiteMain(ServiceCallSite callSite, TArgument argument)&#xD;
   at Microsoft.Extensions.DependencyInjection.ServiceLookup.CallSiteRuntimeResolver.VisitRootCache(ServiceCallSite callSite, RuntimeResolverContext context)&#xD;
   at Microsoft.Extensions.DependencyInjection.ServiceLookup.CallSiteRuntimeResolver.VisitScopeCache(ServiceCallSite callSite, RuntimeResolverContext context)&#xD;
   at Microsoft.Extensions.DependencyInjection.ServiceLookup.CallSiteVisitor`2.VisitCallSite(ServiceCallSite callSite, TArgument argument)&#xD;
   at Microsoft.Extensions.DependencyInjection.ServiceLookup.CallSiteRuntimeResolver.Resolve(ServiceCallSite callSite, ServiceProviderEngineScope scope)&#xD;
   at Microsoft.Extensions.DependencyInjection.ServiceLookup.DynamicServiceProviderEngine.&lt;&gt;c__DisplayClass2_0.&lt;RealizeService&gt;b__0(ServiceProviderEngineScope scope)&#xD;
   at Microsoft.Extensions.DependencyInjection.ServiceProvider.GetService(ServiceIdentifier serviceIdentifier, ServiceProviderEngineScope serviceProviderEngineScope)&#xD;
   at Microsoft.Extensions.DependencyInjection.ServiceProvider.GetService(Type serviceType)&#xD;
   at Microsoft.Extensions.DependencyInjection.ServiceProviderServiceExtensions.GetRequiredService(IServiceProvider provider, Type serviceType)&#xD;
   at Microsoft.Extensions.DependencyInjection.ServiceProviderServiceExtensions.GetRequiredService[T](IServiceProvider provider)&#xD;
   at Tidalarr.Tests.TidalModuleEndToEndDiFlowsTests.DI_Flow_IndexerSearch_And_DownloadValidation_Work() in I:\Arr-Plugins\Lidarr\Tidalarr\tests\Tidalarr.Tests\TidalModuleEndToEndDiFlowsTests.cs:line 72&#xD;
--- End of stack trace from previous location ---</StackTrace>
        </ErrorInfo>
      </Output>
    </UnitTestResult>
    <UnitTestResult executionId="be6d1161-fcda-4e25-9e6b-31fb0b658a8e" testId="17b46050-77f4-246f-6e11-c5310b5fbe86" testName="Tidalarr.Tests.TidalChunkDownloaderTests.DownloadAndAssemble_ValidUrls_ReturnsAssembledStream" computerName="ALEX-PC" duration="00:00:00.0512144" startTime="2025-09-03T16:47:18.9268367-04:00" endTime="2025-09-03T16:47:18.9268368-04:00" testType="13cdc9d9-ddb5-4fa4-a97d-d965ccfc6d4b" outcome="Passed" testListId="8c84fa94-04c1-424b-9868-57a2d4851a1d" relativeResultsDirectory="be6d1161-fcda-4e25-9e6b-31fb0b658a8e" />
    <UnitTestResult executionId="45cd1f2d-e04f-4c44-b0e1-9da6eef50835" testId="19e13de4-e233-a24a-8af4-9b89382bccd3" testName="Tidalarr.Tests.SilverMedalIntegrationTests.SilverMedal_ErrorHandling_WorksGracefully" computerName="ALEX-PC" duration="00:00:00.0002025" startTime="2025-09-03T16:47:19.1607056-04:00" endTime="2025-09-03T16:47:19.1607057-04:00" testType="13cdc9d9-ddb5-4fa4-a97d-d965ccfc6d4b" outcome="Passed" testListId="8c84fa94-04c1-424b-9868-57a2d4851a1d" relativeResultsDirectory="45cd1f2d-e04f-4c44-b0e1-9da6eef50835" />
    <UnitTestResult executionId="1c71e16b-7e06-402f-9284-20682eb75fc9" testId="dc60e6d3-c0a6-7c4c-f805-52745f1e63cb" testName="Tidalarr.Tests.ArchitectValidationTests.ArchitectValidation_ProductionReadiness_AllIssuesResolved" computerName="ALEX-PC" duration="00:00:00.0178574" startTime="2025-09-03T16:47:18.9199156-04:00" endTime="2025-09-03T16:47:18.9199157-04:00" testType="13cdc9d9-ddb5-4fa4-a97d-d965ccfc6d4b" outcome="Passed" testListId="8c84fa94-04c1-424b-9868-57a2d4851a1d" relativeResultsDirectory="1c71e16b-7e06-402f-9284-20682eb75fc9" />
    <UnitTestResult executionId="31254328-cefe-4d33-96d5-dd94ecca5028" testId="c021b8d9-e106-d52b-2015-5214a134ba7a" testName="Tidalarr.Tests.Unit.TidalModelsTests.TidalCallbackResult_EqualityComparison_WithDifferentValues_AreNotEqual" computerName="ALEX-PC" duration="00:00:00.0004853" startTime="2025-09-03T16:47:18.9500685-04:00" endTime="2025-09-03T16:47:18.9500686-04:00" testType="13cdc9d9-ddb5-4fa4-a97d-d965ccfc6d4b" outcome="Passed" testListId="8c84fa94-04c1-424b-9868-57a2d4851a1d" relativeResultsDirectory="31254328-cefe-4d33-96d5-dd94ecca5028" />
    <UnitTestResult executionId="0e07e0b1-d8d2-48ce-9166-9f08220efddd" testId="872f54d8-c4a4-4de5-9b37-90b8275457a3" testName="Tidalarr.Tests.Unit.TidalProtocolTests.TidalProtocol_IsValidUrl_WithVariousInputs_ReturnsExpected(url: &quot;&quot;, expected: False)" computerName="ALEX-PC" duration="00:00:00.0000026" startTime="2025-09-03T16:47:18.9162636-04:00" endTime="2025-09-03T16:47:18.9162636-04:00" testType="13cdc9d9-ddb5-4fa4-a97d-d965ccfc6d4b" outcome="Passed" testListId="8c84fa94-04c1-424b-9868-57a2d4851a1d" relativeResultsDirectory="0e07e0b1-d8d2-48ce-9166-9f08220efddd" />
    <UnitTestResult executionId="2238cdd8-ad2b-40c5-9718-2520d9e2ec40" testId="b24c21da-85af-669d-8be9-fb156a5113f0" testName="Tidalarr.Tests.TidalCliIntegrationTests.RunAsync_TestCallback_PrintsValidAndInvalid" computerName="ALEX-PC" duration="00:00:00.0064568" startTime="2025-09-03T16:47:18.9407647-04:00" endTime="2025-09-03T16:47:18.9407647-04:00" testType="13cdc9d9-ddb5-4fa4-a97d-d965ccfc6d4b" outcome="Passed" testListId="8c84fa94-04c1-424b-9868-57a2d4851a1d" relativeResultsDirectory="2238cdd8-ad2b-40c5-9718-2520d9e2ec40" />
    <UnitTestResult executionId="ae81973a-acad-4377-9ab1-c8f66a6e526e" testId="81f87592-67b6-6842-4aa8-a181ae3319d8" testName="Tidalarr.Tests.TidalApiClientNullDtoTests.GetAlbumTracksAsync_NullJson_ThrowsInvalidOperationException" computerName="ALEX-PC" duration="00:00:00.0704328" startTime="2025-09-03T16:47:18.9386433-04:00" endTime="2025-09-03T16:47:18.9386434-04:00" testType="13cdc9d9-ddb5-4fa4-a97d-d965ccfc6d4b" outcome="Passed" testListId="8c84fa94-04c1-424b-9868-57a2d4851a1d" relativeResultsDirectory="ae81973a-acad-4377-9ab1-c8f66a6e526e" />
    <UnitTestResult executionId="fc54ee05-f858-4b9e-a620-2c919f03d562" testId="7132e5e6-c76a-c212-4141-0ac61e1103b8" testName="Tidalarr.Tests.TidalApiClientMalformedAlbumTests.GetAlbumAsync_NullArtist_ThrowsException" computerName="ALEX-PC" duration="00:00:00.0764867" startTime="2025-09-03T16:47:18.9478619-04:00" endTime="2025-09-03T16:47:18.9478620-04:00" testType="13cdc9d9-ddb5-4fa4-a97d-d965ccfc6d4b" outcome="Passed" testListId="8c84fa94-04c1-424b-9868-57a2d4851a1d" relativeResultsDirectory="fc54ee05-f858-4b9e-a620-2c919f03d562" />
    <UnitTestResult executionId="4c8820d6-94d1-4880-abbf-00730486bfd7" testId="4545afab-0d18-d509-2c45-9d0281b853a3" testName="Tidalarr.Tests.Unit.TidalProtocolTests.TidalProtocol_BuildAlbumUrl_WithInvalidId_HandlesGracefully(invalidId: null)" computerName="ALEX-PC" duration="00:00:00.0000453" startTime="2025-09-03T16:47:18.9175599-04:00" endTime="2025-09-03T16:47:18.9175599-04:00" testType="13cdc9d9-ddb5-4fa4-a97d-d965ccfc6d4b" outcome="Passed" testListId="8c84fa94-04c1-424b-9868-57a2d4851a1d" relativeResultsDirectory="4c8820d6-94d1-4880-abbf-00730486bfd7" />
    <UnitTestResult executionId="46859fa0-3289-4727-ad8d-d161d820c202" testId="3f393139-378f-a419-1282-e42d34a1cf24" testName="Tidalarr.Tests.TidalChunkDownloaderTests.ValidateChunkAccessibility_EmptyUrls_ReturnsFalse" computerName="ALEX-PC" duration="00:00:00.0018074" startTime="2025-09-03T16:47:18.9379943-04:00" endTime="2025-09-03T16:47:18.9379944-04:00" testType="13cdc9d9-ddb5-4fa4-a97d-d965ccfc6d4b" outcome="Passed" testListId="8c84fa94-04c1-424b-9868-57a2d4851a1d" relativeResultsDirectory="46859fa0-3289-4727-ad8d-d161d820c202" />
    <UnitTestResult executionId="7dae9108-0524-43a9-8224-c3afca10d892" testId="e599e0cf-95ef-c717-3654-31e8e101a637" testName="Tidalarr.Tests.TidalSettingsTests.IsValid_VariousRedirectUrls_ValidatesCorrectly(redirectUrl: &quot;https://tidal.com/android/login/auth?code=test&amp;sta&quot;···, expectedValid: True, expectedError: &quot;&quot;)" computerName="ALEX-PC" duration="00:00:00.0004575" startTime="2025-09-03T16:47:18.9128609-04:00" endTime="2025-09-03T16:47:18.9128610-04:00" testType="13cdc9d9-ddb5-4fa4-a97d-d965ccfc6d4b" outcome="Passed" testListId="8c84fa94-04c1-424b-9868-57a2d4851a1d" relativeResultsDirectory="7dae9108-0524-43a9-8224-c3afca10d892" />
    <UnitTestResult executionId="b02c8b36-287f-4b24-bee9-65c90f26bae5" testId="1ae6f619-6076-d41d-32e9-ee3f4669acd6" testName="Tidalarr.Tests.Unit.TidalModelsTests.TidalAuthUrl_Constructor_SetsAllProperties" computerName="ALEX-PC" duration="00:00:00.0000844" startTime="2025-09-03T16:47:18.9533710-04:00" endTime="2025-09-03T16:47:18.9533711-04:00" testType="13cdc9d9-ddb5-4fa4-a97d-d965ccfc6d4b" outcome="Passed" testListId="8c84fa94-04c1-424b-9868-57a2d4851a1d" relativeResultsDirectory="b02c8b36-287f-4b24-bee9-65c90f26bae5" />
    <UnitTestResult executionId="14508f63-a58e-4a9a-aa98-eb669639d7f1" testId="19ebfe00-865b-2dea-b558-13b4d3ae5d31" testName="Tidalarr.Tests.TidalResponseCacheTests.ShouldCache_PlaybackInfo_ReturnsFalse_OthersTrue" computerName="ALEX-PC" duration="00:00:00.0004898" startTime="2025-09-03T16:47:18.8874634-04:00" endTime="2025-09-03T16:47:18.8874635-04:00" testType="13cdc9d9-ddb5-4fa4-a97d-d965ccfc6d4b" outcome="Passed" testListId="8c84fa94-04c1-424b-9868-57a2d4851a1d" relativeResultsDirectory="14508f63-a58e-4a9a-aa98-eb669639d7f1" />
    <UnitTestResult executionId="0eb2ff65-4442-4b9f-b9eb-564cf2021b3a" testId="dcfb9230-be6f-4554-1d7d-e17bca2a0866" testName="Tidalarr.Tests.TidalIndexerProtectedTests.SearchTracksAsync_MapsTracks" computerName="ALEX-PC" duration="00:00:00.0052915" startTime="2025-09-03T16:47:18.9563567-04:00" endTime="2025-09-03T16:47:18.9563568-04:00" testType="13cdc9d9-ddb5-4fa4-a97d-d965ccfc6d4b" outcome="Passed" testListId="8c84fa94-04c1-424b-9868-57a2d4851a1d" relativeResultsDirectory="0eb2ff65-4442-4b9f-b9eb-564cf2021b3a" />
    <UnitTestResult executionId="f7341294-19a5-43a9-9402-ea595e8ecbeb" testId="c3f05b6b-4cbb-9718-2cf7-1f62d31645d1" testName="Tidalarr.Tests.Unit.TidalExceptionsTests.AllTidalExceptions_InheritFrom_Exception(exceptionType: typeof(Tidalarr.Core.Exceptions.TidalAuthenticationException))" computerName="ALEX-PC" duration="00:00:00.0000020" startTime="2025-09-03T16:47:18.9189781-04:00" endTime="2025-09-03T16:47:18.9189782-04:00" testType="13cdc9d9-ddb5-4fa4-a97d-d965ccfc6d4b" outcome="Passed" testListId="8c84fa94-04c1-424b-9868-57a2d4851a1d" relativeResultsDirectory="f7341294-19a5-43a9-9402-ea595e8ecbeb" />
    <UnitTestResult executionId="8c268cd7-8786-47dd-a042-4b77ec071268" testId="faf66e5f-9eb5-b07e-08f6-2874668ea0bb" testName="Tidalarr.Tests.Unit.TidalProtocolTests.TidalProtocol_ParseUrl_WithInvalidUrls_ThrowsArgumentException(invalidUrl: &quot;tidal://&quot;)" computerName="ALEX-PC" duration="00:00:00.0001221" startTime="2025-09-03T16:47:18.9161017-04:00" endTime="2025-09-03T16:47:18.9161017-04:00" testType="13cdc9d9-ddb5-4fa4-a97d-d965ccfc6d4b" outcome="Passed" testListId="8c84fa94-04c1-424b-9868-57a2d4851a1d" relativeResultsDirectory="8c268cd7-8786-47dd-a042-4b77ec071268" />
    <UnitTestResult executionId="284b3553-96c6-4585-8cfb-05b09867a9bd" testId="cc47bcb1-dafb-75e6-1f1a-38339cc67419" testName="Tidalarr.Tests.TidalApiClientRequestTests.GetAlbumAsync_BuildsExpectedEndpointAndQuery" computerName="ALEX-PC" duration="00:00:00.0009480" startTime="2025-09-03T16:47:18.9526516-04:00" endTime="2025-09-03T16:47:18.9526517-04:00" testType="13cdc9d9-ddb5-4fa4-a97d-d965ccfc6d4b" outcome="Passed" testListId="8c84fa94-04c1-424b-9868-57a2d4851a1d" relativeResultsDirectory="284b3553-96c6-4585-8cfb-05b09867a9bd" />
    <UnitTestResult executionId="36662024-ef41-4779-89d9-11f04031029c" testId="16f63d80-76da-5eb8-3fb9-64a6de3a8b97" testName="Tidalarr.Tests.TidalStreamServiceInvalidDashTests.GetStreamInfoWithManifestParsingAsync_InvalidDash_ThrowsFormatException" computerName="ALEX-PC" duration="00:00:00.0019719" startTime="2025-09-03T16:47:18.9143896-04:00" endTime="2025-09-03T16:47:18.9143896-04:00" testType="13cdc9d9-ddb5-4fa4-a97d-d965ccfc6d4b" outcome="Passed" testListId="8c84fa94-04c1-424b-9868-57a2d4851a1d" relativeResultsDirectory="36662024-ef41-4779-89d9-11f04031029c" />
    <UnitTestResult executionId="46e57a61-7658-40ff-9cd9-4b29325da7de" testId="c3d3fe97-0382-ed2b-b22d-d3ec2853169e" testName="Tidalarr.Tests.Unit.TidalResiliencePolicyTests.TidalResiliencePolicy_ShouldRetry_WithVariousStatusCodes_ReturnsCorrectly(statusCode: InternalServerError, shouldRetry: True)" computerName="ALEX-PC" duration="00:00:00.0116488" startTime="2025-09-03T16:47:18.9106524-04:00" endTime="2025-09-03T16:47:18.9106525-04:00" testType="13cdc9d9-ddb5-4fa4-a97d-d965ccfc6d4b" outcome="Passed" testListId="8c84fa94-04c1-424b-9868-57a2d4851a1d" relativeResultsDirectory="46e57a61-7658-40ff-9cd9-4b29325da7de" />
    <UnitTestResult executionId="d105cdc5-d08a-4a25-9d55-866e119cea4f" testId="7cab559e-17de-e3d4-a4dc-b78ebabff834" testName="Tidalarr.Tests.TidalOAuthServiceTests.ParseCallbackUrl_InvalidUrl_ReturnsFailure(callbackUrl: &quot;https://tidal.com/android/login/auth?error=access_&quot;···)" computerName="ALEX-PC" duration="00:00:00.0001593" startTime="2025-09-03T16:47:18.9565596-04:00" endTime="2025-09-03T16:47:18.9565596-04:00" testType="13cdc9d9-ddb5-4fa4-a97d-d965ccfc6d4b" outcome="Passed" testListId="8c84fa94-04c1-424b-9868-57a2d4851a1d" relativeResultsDirectory="d105cdc5-d08a-4a25-9d55-866e119cea4f" />
    <UnitTestResult executionId="b244ecbf-b318-4602-b1fe-90295b35d81a" testId="e1af4041-9936-cc63-2736-a7d2e420ea9e" testName="Tidalarr.Tests.TidalIndexerTests.Initialize_FailsWhenNotAuthenticated" computerName="ALEX-PC" duration="00:00:00.0124428" startTime="2025-09-03T16:47:18.9130310-04:00" endTime="2025-09-03T16:47:18.9130310-04:00" testType="13cdc9d9-ddb5-4fa4-a97d-d965ccfc6d4b" outcome="Passed" testListId="8c84fa94-04c1-424b-9868-57a2d4851a1d" relativeResultsDirectory="b244ecbf-b318-4602-b1fe-90295b35d81a" />
    <UnitTestResult executionId="8a78a4c4-b911-42f0-afc1-56ae1212000c" testId="42f4bd55-1de2-555a-8e9c-1e37c2d39c5a" testName="Tidalarr.Tests.EndToEndIntegrationTests.EndToEnd_SearchAndDownloadFlow_WorksWithMocks" computerName="ALEX-PC" duration="00:00:00.0031035" startTime="2025-09-03T16:47:18.9763676-04:00" endTime="2025-09-03T16:47:18.9763680-04:00" testType="13cdc9d9-ddb5-4fa4-a97d-d965ccfc6d4b" outcome="Passed" testListId="8c84fa94-04c1-424b-9868-57a2d4851a1d" relativeResultsDirectory="8a78a4c4-b911-42f0-afc1-56ae1212000c" />
    <UnitTestResult executionId="fdd66c19-cde0-4224-8837-9ed9f865f8dd" testId="3fe086a8-87e8-ffe2-8c2e-097887226059" testName="Tidalarr.Tests.Unit.TidalStreamServiceTests.TidalStreamService_GetStreamInfoWithManifestParsing_WithCorruptManifest_ThrowsException" computerName="ALEX-PC" duration="00:00:00.0014082" startTime="2025-09-03T16:47:18.9556761-04:00" endTime="2025-09-03T16:47:18.9556761-04:00" testType="13cdc9d9-ddb5-4fa4-a97d-d965ccfc6d4b" outcome="Passed" testListId="8c84fa94-04c1-424b-9868-57a2d4851a1d" relativeResultsDirectory="fdd66c19-cde0-4224-8837-9ed9f865f8dd" />
    <UnitTestResult executionId="d953ccb6-93f7-42f1-9b2f-24e06394788f" testId="b3267f17-85e0-0cb8-fcca-64fb16202ef4" testName="Tidalarr.Tests.TidalApiClientMissingFieldsTests.GetAlbumAsync_MissingRequiredFields_ThrowsOrMaps" computerName="ALEX-PC" duration="00:00:00.0030676" startTime="2025-09-03T16:47:18.9473150-04:00" endTime="2025-09-03T16:47:18.9473150-04:00" testType="13cdc9d9-ddb5-4fa4-a97d-d965ccfc6d4b" outcome="Passed" testListId="8c84fa94-04c1-424b-9868-57a2d4851a1d" relativeResultsDirectory="d953ccb6-93f7-42f1-9b2f-24e06394788f" />
    <UnitTestResult executionId="eb30a606-ddf5-4864-a566-38eec82e27fb" testId="c4eee791-2b3c-bc9b-97e0-938e808e5a0a" testName="Tidalarr.Tests.Unit.TidalExceptionsTests.AllTidalExceptions_InheritFrom_Exception(exceptionType: typeof(Tidalarr.Core.Exceptions.TidalApiException))" computerName="ALEX-PC" duration="00:00:00.0000023" startTime="2025-09-03T16:47:18.9190477-04:00" endTime="2025-09-03T16:47:18.9190477-04:00" testType="13cdc9d9-ddb5-4fa4-a97d-d965ccfc6d4b" outcome="Passed" testListId="8c84fa94-04c1-424b-9868-57a2d4851a1d" relativeResultsDirectory="eb30a606-ddf5-4864-a566-38eec82e27fb" />
    <UnitTestResult executionId="3d30024d-0d87-4094-992e-c46ccd652788" testId="b5e25d77-22af-8649-ba00-18bbbcb519b8" testName="Tidalarr.Tests.Unit.TidalProtocolTests.TidalProtocol_ParseUrl_WithValidUrls_ReturnsCorrectTypeAndId(url: &quot;tidal://artist/789&quot;, expectedType: &quot;artist&quot;, expectedId: &quot;789&quot;)" computerName="ALEX-PC" duration="00:00:00.0000022" startTime="2025-09-03T16:47:18.9174659-04:00" endTime="2025-09-03T16:47:18.9174660-04:00" testType="13cdc9d9-ddb5-4fa4-a97d-d965ccfc6d4b" outcome="Passed" testListId="8c84fa94-04c1-424b-9868-57a2d4851a1d" relativeResultsDirectory="3d30024d-0d87-4094-992e-c46ccd652788" />
    <UnitTestResult executionId="f8b6b389-8f72-40a7-b08d-04e5c58316fa" testId="2ede1925-4b65-ca08-c539-73ca3cb85fb2" testName="Tidalarr.Tests.TidalApiClientCacheTests.SearchAsync_UsesCache_WhenPresent" computerName="ALEX-PC" duration="00:00:00.0173962" startTime="2025-09-03T16:47:18.9143625-04:00" endTime="2025-09-03T16:47:18.9143626-04:00" testType="13cdc9d9-ddb5-4fa4-a97d-d965ccfc6d4b" outcome="Passed" testListId="8c84fa94-04c1-424b-9868-57a2d4851a1d" relativeResultsDirectory="f8b6b389-8f72-40a7-b08d-04e5c58316fa" />
    <UnitTestResult executionId="627c22b7-c829-4c0b-a478-28a461d4b567" testId="46ecac18-111c-8781-ab7f-b8be4a1f93e2" testName="Tidalarr.Tests.Unit.TidalProtocolTests.TidalProtocol_ParseUrl_WithValidUrls_ReturnsCorrectTypeAndId(url: &quot;tidal://playlist/abc123&quot;, expectedType: &quot;playlist&quot;, expectedId: &quot;abc123&quot;)" computerName="ALEX-PC" duration="00:00:00.0000050" startTime="2025-09-03T16:47:18.9174260-04:00" endTime="2025-09-03T16:47:18.9174261-04:00" testType="13cdc9d9-ddb5-4fa4-a97d-d965ccfc6d4b" outcome="Passed" testListId="8c84fa94-04c1-424b-9868-57a2d4851a1d" relativeResultsDirectory="627c22b7-c829-4c0b-a478-28a461d4b567" />
    <UnitTestResult executionId="d4f3d476-9248-4772-87e5-927a964b71cf" testId="2863e81a-1010-641a-9fb1-eba1e6d42f71" testName="Tidalarr.Tests.Unit.TidalConstantsTests.TidalConstants_QualityParameters_ContainAllQualities" computerName="ALEX-PC" duration="00:00:00.0044263" startTime="2025-09-03T16:47:18.9138604-04:00" endTime="2025-09-03T16:47:18.9138604-04:00" testType="13cdc9d9-ddb5-4fa4-a97d-d965ccfc6d4b" outcome="Passed" testListId="8c84fa94-04c1-424b-9868-57a2d4851a1d" relativeResultsDirectory="d4f3d476-9248-4772-87e5-927a964b71cf" />
    <UnitTestResult executionId="7f765e4e-4dae-4306-b983-61c0114331ab" testId="a1f8eea5-342a-5c6c-9bd0-983fd25b1e87" testName="Tidalarr.Tests.EndToEndIntegrationTests.EndToEnd_VariousConfigurations_ValidateCorrectly(market: &quot;US&quot;, quality: &quot;Lossless&quot;, shouldBeValid: True)" computerName="ALEX-PC" duration="00:00:00.0001958" startTime="2025-09-03T16:47:18.9731635-04:00" endTime="2025-09-03T16:47:18.9731635-04:00" testType="13cdc9d9-ddb5-4fa4-a97d-d965ccfc6d4b" outcome="Passed" testListId="8c84fa94-04c1-424b-9868-57a2d4851a1d" relativeResultsDirectory="7f765e4e-4dae-4306-b983-61c0114331ab" />
    <UnitTestResult executionId="da296f02-2e9d-44df-9709-6701943f0133" testId="70a2b309-cc7e-40c6-152e-bd220cc1e1ef" testName="Tidalarr.Tests.TidalModelMapperRoundtripTests.Quality_Roundtrip_MappingMaintainsTier(q: HiRes)" computerName="ALEX-PC" duration="00:00:00.0001418" startTime="2025-09-03T16:47:18.9519275-04:00" endTime="2025-09-03T16:47:18.9519276-04:00" testType="13cdc9d9-ddb5-4fa4-a97d-d965ccfc6d4b" outcome="Passed" testListId="8c84fa94-04c1-424b-9868-57a2d4851a1d" relativeResultsDirectory="da296f02-2e9d-44df-9709-6701943f0133" />
    <UnitTestResult executionId="436b7e7e-16d2-4d33-8f6c-f04a1f208c7e" testId="9bde24db-467a-709f-a72f-2be59019e896" testName="Tidalarr.Tests.TidalDownloadClientEnhancedParsedTests.EnhancedDownload_ParsedMpd_Flac_NoExtraction_WhenDisabled" computerName="ALEX-PC" duration="00:00:00.0010000" startTime="2025-09-03T16:47:18.9460877-04:00" endTime="2025-09-03T16:47:18.9460879-04:00" testType="13cdc9d9-ddb5-4fa4-a97d-d965ccfc6d4b" outcome="NotExecuted" testListId="8c84fa94-04c1-424b-9868-57a2d4851a1d" relativeResultsDirectory="436b7e7e-16d2-4d33-8f6c-f04a1f208c7e">
      <Output>
        <ErrorInfo>
          <Message>File move semantics can lock on Windows CI; run locally to exercise end-to-end write path</Message>
        </ErrorInfo>
      </Output>
    </UnitTestResult>
    <UnitTestResult executionId="b4e97cb8-294f-4623-92aa-6ca2f163e3b3" testId="bad7a231-e4c9-5cbc-4f1b-b933dc2fc5ee" testName="Tidalarr.Tests.Unit.TidalModelsTests.TidalTokens_EqualityComparison_WithSameValues_AreEqual" computerName="ALEX-PC" duration="00:00:00.0008629" startTime="2025-09-03T16:47:18.9485572-04:00" endTime="2025-09-03T16:47:18.9485572-04:00" testType="13cdc9d9-ddb5-4fa4-a97d-d965ccfc6d4b" outcome="Passed" testListId="8c84fa94-04c1-424b-9868-57a2d4851a1d" relativeResultsDirectory="b4e97cb8-294f-4623-92aa-6ca2f163e3b3" />
    <UnitTestResult executionId="1b557c19-93d6-4fe9-bdc0-f6b7da10c458" testId="dadbfe5b-90a7-fea8-ad0d-4b5680473174" testName="Tidalarr.Tests.TidalOAuthServiceTests.TidalOAuthService_NotAuthenticatedInitially" computerName="ALEX-PC" duration="00:00:00.0001334" startTime="2025-09-03T16:47:18.9585646-04:00" endTime="2025-09-03T16:47:18.9585647-04:00" testType="13cdc9d9-ddb5-4fa4-a97d-d965ccfc6d4b" outcome="Passed" testListId="8c84fa94-04c1-424b-9868-57a2d4851a1d" relativeResultsDirectory="1b557c19-93d6-4fe9-bdc0-f6b7da10c458" />
    <UnitTestResult executionId="df019b62-3bc8-418d-98b8-807502b7fd0a" testId="ceb59ec9-45ac-15c4-6209-ce12fd6e6372" testName="Tidalarr.Tests.TidalSettingsTests.ValidateMarket_VariousMarkets_ValidatesCorrectly(market: &quot;US&quot;, expectedValid: True)" computerName="ALEX-PC" duration="00:00:00.0000109" startTime="2025-09-03T16:47:18.9135339-04:00" endTime="2025-09-03T16:47:18.9135339-04:00" testType="13cdc9d9-ddb5-4fa4-a97d-d965ccfc6d4b" outcome="Passed" testListId="8c84fa94-04c1-424b-9868-57a2d4851a1d" relativeResultsDirectory="df019b62-3bc8-418d-98b8-807502b7fd0a" />
    <UnitTestResult executionId="8128ea42-a64b-4ca3-bc0c-a3f2c8546c33" testId="466c2d34-7565-56d6-478f-4fa5c07f29c6" testName="Tidalarr.Tests.JsonTokenStorageLockTests.SaveTokens_WhenFileLocked_ThrowsInvalidOperation" computerName="ALEX-PC" duration="00:00:00.0101900" startTime="2025-09-03T16:47:18.9596344-04:00" endTime="2025-09-03T16:47:18.9596345-04:00" testType="13cdc9d9-ddb5-4fa4-a97d-d965ccfc6d4b" outcome="Passed" testListId="8c84fa94-04c1-424b-9868-57a2d4851a1d" relativeResultsDirectory="8128ea42-a64b-4ca3-bc0c-a3f2c8546c33" />
    <UnitTestResult executionId="ff326c65-b862-41eb-aff0-d33434396b60" testId="561bda80-c888-5778-e2ef-9de94dde8df5" testName="Tidalarr.Tests.TidalApiClientTests.ApiCall_NotAuthenticated_ThrowsException" computerName="ALEX-PC" duration="00:00:00.0006985" startTime="2025-09-03T16:47:18.9506400-04:00" endTime="2025-09-03T16:47:18.9506401-04:00" testType="13cdc9d9-ddb5-4fa4-a97d-d965ccfc6d4b" outcome="Passed" testListId="8c84fa94-04c1-424b-9868-57a2d4851a1d" relativeResultsDirectory="ff326c65-b862-41eb-aff0-d33434396b60" />
    <UnitTestResult executionId="ce542f2a-b079-43a2-9f41-cd6e7c496ce1" testId="6e3dda7f-30e6-5540-b0ba-19584b376fa6" testName="Tidalarr.Tests.TidalApiClientReleaseDateFallbackTests.GetAlbumAsync_InvalidReleaseDate_UsesMinValue" computerName="ALEX-PC" duration="00:00:00.0571934" startTime="2025-09-03T16:47:18.9493058-04:00" endTime="2025-09-03T16:47:18.9493059-04:00" testType="13cdc9d9-ddb5-4fa4-a97d-d965ccfc6d4b" outcome="Passed" testListId="8c84fa94-04c1-424b-9868-57a2d4851a1d" relativeResultsDirectory="ce542f2a-b079-43a2-9f41-cd6e7c496ce1" />
    <UnitTestResult executionId="c35197a3-8e43-4aca-8ae9-e3a3670f5f5b" testId="6514e5ec-b98c-ba64-ab9c-69dc4efe4632" testName="Tidalarr.Tests.Unit.TidalTelemetryTests.TidalTelemetry_TrackDownloadFailed_LogsException" computerName="ALEX-PC" duration="00:00:00.0003624" startTime="2025-09-03T16:47:18.9198142-04:00" endTime="2025-09-03T16:47:18.9198143-04:00" testType="13cdc9d9-ddb5-4fa4-a97d-d965ccfc6d4b" outcome="Passed" testListId="8c84fa94-04c1-424b-9868-57a2d4851a1d" relativeResultsDirectory="c35197a3-8e43-4aca-8ae9-e3a3670f5f5b" />
    <UnitTestResult executionId="05af840d-6d95-479b-8600-7ae94a733902" testId="8dd78a79-7a3c-439e-e43a-dec6ee9778b6" testName="Tidalarr.Tests.Unit.TidalExceptionsTests.TidalAuthenticationException_InheritsFrom_TidalException" computerName="ALEX-PC" duration="00:00:00.0002120" startTime="2025-09-03T16:47:18.9184241-04:00" endTime="2025-09-03T16:47:18.9184242-04:00" testType="13cdc9d9-ddb5-4fa4-a97d-d965ccfc6d4b" outcome="Passed" testListId="8c84fa94-04c1-424b-9868-57a2d4851a1d" relativeResultsDirectory="05af840d-6d95-479b-8600-7ae94a733902" />
    <UnitTestResult executionId="3ab6d637-c262-4769-a6e9-86b64a51d07c" testId="fd06edf9-e547-962c-e171-65047177a5fa" testName="Tidalarr.Tests.Unit.PKCEGeneratorTests.PKCEGenerator_GeneratePair_CodeVerifier_MeetsRFC7636Requirements" computerName="ALEX-PC" duration="00:00:00.0003186" startTime="2025-09-03T16:47:18.9198668-04:00" endTime="2025-09-03T16:47:18.9198668-04:00" testType="13cdc9d9-ddb5-4fa4-a97d-d965ccfc6d4b" outcome="Passed" testListId="8c84fa94-04c1-424b-9868-57a2d4851a1d" relativeResultsDirectory="3ab6d637-c262-4769-a6e9-86b64a51d07c" />
    <UnitTestResult executionId="b9787aef-1b5e-4142-ac01-8866f2cf2bdc" testId="a501530d-e380-c254-11c9-8220719bbfa6" testName="Tidalarr.Tests.Unit.TidalExceptionsTests.TidalManifestException_Constructor_SetsManifestType" computerName="ALEX-PC" duration="00:00:00.0002768" startTime="2025-09-03T16:47:18.9216664-04:00" endTime="2025-09-03T16:47:18.9216665-04:00" testType="13cdc9d9-ddb5-4fa4-a97d-d965ccfc6d4b" outcome="Passed" testListId="8c84fa94-04c1-424b-9868-57a2d4851a1d" relativeResultsDirectory="b9787aef-1b5e-4142-ac01-8866f2cf2bdc" />
    <UnitTestResult executionId="df43bb9d-f9da-4c22-9fd4-3960d9a3bd4d" testId="eec4add6-e4a7-c74e-ec31-4349df07b368" testName="Tidalarr.Tests.TidalApiClientErrorTests.GetStreamInfoAsync_DoesNotCachePlaybackInfo" computerName="ALEX-PC" duration="00:00:00.0010081" startTime="2025-09-03T16:47:49.5506430-04:00" endTime="2025-09-03T16:47:49.5506431-04:00" testType="13cdc9d9-ddb5-4fa4-a97d-d965ccfc6d4b" outcome="Passed" testListId="8c84fa94-04c1-424b-9868-57a2d4851a1d" relativeResultsDirectory="df43bb9d-f9da-4c22-9fd4-3960d9a3bd4d" />
    <UnitTestResult executionId="3e0321f7-f157-4880-8621-19042abd8bb0" testId="a16c552b-e863-cbc8-0f79-6fec5d9db4b8" testName="Tidalarr.Tests.TidalOAuthServiceTests.ExchangeCodeAsync_ApiError_ThrowsException" computerName="ALEX-PC" duration="00:00:00.0014399" startTime="2025-09-03T16:47:18.9577659-04:00" endTime="2025-09-03T16:47:18.9577660-04:00" testType="13cdc9d9-ddb5-4fa4-a97d-d965ccfc6d4b" outcome="Passed" testListId="8c84fa94-04c1-424b-9868-57a2d4851a1d" relativeResultsDirectory="3e0321f7-f157-4880-8621-19042abd8bb0" />
    <UnitTestResult executionId="b9887cc5-8ddc-401a-baa2-dfa86bc6093a" testId="4fb8b8fc-5129-2a99-fb00-de5febf8c657" testName="Tidalarr.Tests.Unit.TidalStreamServiceTests.TidalStreamService_ValidateStreamAvailability_WithValidStream_ReturnsTrue" computerName="ALEX-PC" duration="00:00:00.0005847" startTime="2025-09-03T16:47:18.9604236-04:00" endTime="2025-09-03T16:47:18.9604237-04:00" testType="13cdc9d9-ddb5-4fa4-a97d-d965ccfc6d4b" outcome="Passed" testListId="8c84fa94-04c1-424b-9868-57a2d4851a1d" relativeResultsDirectory="b9887cc5-8ddc-401a-baa2-dfa86bc6093a" />
    <UnitTestResult executionId="0041419a-272b-488c-9ef1-67077e36f933" testId="6c791e4b-3f75-909b-90c1-e4bc0a01d6ed" testName="Tidalarr.Tests.Unit.TidalProtocolTests.TidalProtocol_ParseUrl_WithInvalidUrls_ThrowsArgumentException(invalidUrl: &quot;http://example.com&quot;)" computerName="ALEX-PC" duration="00:00:00.0000110" startTime="2025-09-03T16:47:18.9161517-04:00" endTime="2025-09-03T16:47:18.9161518-04:00" testType="13cdc9d9-ddb5-4fa4-a97d-d965ccfc6d4b" outcome="Passed" testListId="8c84fa94-04c1-424b-9868-57a2d4851a1d" relativeResultsDirectory="0041419a-272b-488c-9ef1-67077e36f933" />
    <UnitTestResult executionId="adb8561d-7ac9-4874-b114-a320270db05e" testId="34a9b3fa-8268-062c-34b3-2bb84d2d32e2" testName="Tidalarr.Tests.Unit.TidalResiliencePolicyTests.TidalResiliencePolicy_CreateCircuitBreakerPolicy_HasCorrectThresholds" computerName="ALEX-PC" duration="00:00:00.0102305" startTime="2025-09-03T16:47:18.9148565-04:00" endTime="2025-09-03T16:47:18.9148565-04:00" testType="13cdc9d9-ddb5-4fa4-a97d-d965ccfc6d4b" outcome="Passed" testListId="8c84fa94-04c1-424b-9868-57a2d4851a1d" relativeResultsDirectory="adb8561d-7ac9-4874-b114-a320270db05e" />
    <UnitTestResult executionId="8c4cc0da-c554-4da3-83d1-93f0ad11fb12" testId="77dde6b7-b0e6-71e3-d89f-8a2d1f795cdf" testName="Tidalarr.Tests.TidalDownloadClientEnhancedParsedTests.EnhancedDownload_ParsedMpd_Aac_NoExtraction_EvenWhenEnabled" computerName="ALEX-PC" duration="00:00:00.0010000" startTime="2025-09-03T16:47:18.9458887-04:00" endTime="2025-09-03T16:47:18.9458888-04:00" testType="13cdc9d9-ddb5-4fa4-a97d-d965ccfc6d4b" outcome="NotExecuted" testListId="8c84fa94-04c1-424b-9868-57a2d4851a1d" relativeResultsDirectory="8c4cc0da-c554-4da3-83d1-93f0ad11fb12">
      <Output>
        <ErrorInfo>
          <Message>File move semantics can lock on Windows CI; run locally to exercise end-to-end write path</Message>
        </ErrorInfo>
      </Output>
    </UnitTestResult>
    <UnitTestResult executionId="435402f8-731a-467d-bae9-e103604775ba" testId="4280a218-cfdd-c9cd-fd15-fec5cc463f57" testName="Tidalarr.Tests.Unit.TidalProtocolTests.TidalProtocol_ParseUrl_WithInvalidUrls_ThrowsArgumentException(invalidUrl: &quot;not-a-url&quot;)" computerName="ALEX-PC" duration="00:00:00.0000215" startTime="2025-09-03T16:47:18.9161291-04:00" endTime="2025-09-03T16:47:18.9161291-04:00" testType="13cdc9d9-ddb5-4fa4-a97d-d965ccfc6d4b" outcome="Passed" testListId="8c84fa94-04c1-424b-9868-57a2d4851a1d" relativeResultsDirectory="435402f8-731a-467d-bae9-e103604775ba" />
    <UnitTestResult executionId="e557fe7f-36c4-4a9f-9946-d7d43b86a04b" testId="096f2ad8-3d55-2a3a-91d4-2b341ef93e59" testName="Tidalarr.Tests.TidalApiClientCacheTests.GetAlbumTracksAsync_UsesCache_WhenPresent" computerName="ALEX-PC" duration="00:00:00.0011336" startTime="2025-09-03T16:47:18.9157035-04:00" endTime="2025-09-03T16:47:18.9157035-04:00" testType="13cdc9d9-ddb5-4fa4-a97d-d965ccfc6d4b" outcome="Passed" testListId="8c84fa94-04c1-424b-9868-57a2d4851a1d" relativeResultsDirectory="e557fe7f-36c4-4a9f-9946-d7d43b86a04b" />
    <UnitTestResult executionId="f735be61-214d-4949-909c-fb3435bfa965" testId="8806bc05-3f75-b454-7d6e-202190b51ce2" testName="Tidalarr.Tests.Unit.TidalExceptionsTests.TidalAuthenticationException_Constructor_WithInnerException_SetsCorrectly" computerName="ALEX-PC" duration="00:00:00.0001444" startTime="2025-09-03T16:47:18.9214030-04:00" endTime="2025-09-03T16:47:18.9214033-04:00" testType="13cdc9d9-ddb5-4fa4-a97d-d965ccfc6d4b" outcome="Passed" testListId="8c84fa94-04c1-424b-9868-57a2d4851a1d" relativeResultsDirectory="f735be61-214d-4949-909c-fb3435bfa965" />
    <UnitTestResult executionId="b35954d8-5c35-4dde-9176-c96e46cf357d" testId="200d0450-9152-85b2-b40c-cc35bd901ad3" testName="Tidalarr.Tests.TidalApiClientNullDtoTests.GetAlbumAsync_NullJson_ThrowsInvalidOperationException" computerName="ALEX-PC" duration="00:00:00.0012721" startTime="2025-09-03T16:47:18.9439751-04:00" endTime="2025-09-03T16:47:18.9439751-04:00" testType="13cdc9d9-ddb5-4fa4-a97d-d965ccfc6d4b" outcome="Passed" testListId="8c84fa94-04c1-424b-9868-57a2d4851a1d" relativeResultsDirectory="b35954d8-5c35-4dde-9176-c96e46cf357d" />
    <UnitTestResult executionId="2333d974-4c5e-48a2-a489-05d1cd5c67dd" testId="e35964aa-2430-db04-1d8b-69aac30c045f" testName="Tidalarr.Tests.EndToEndIntegrationTests.EndToEnd_VariousConfigurations_ValidateCorrectly(market: &quot;DE&quot;, quality: &quot;HiRes&quot;, shouldBeValid: True)" computerName="ALEX-PC" duration="00:00:00.0003968" startTime="2025-09-03T16:47:18.9729139-04:00" endTime="2025-09-03T16:47:18.9729140-04:00" testType="13cdc9d9-ddb5-4fa4-a97d-d965ccfc6d4b" outcome="Passed" testListId="8c84fa94-04c1-424b-9868-57a2d4851a1d" relativeResultsDirectory="2333d974-4c5e-48a2-a489-05d1cd5c67dd" />
    <UnitTestResult executionId="a28d5433-135c-4924-9f9a-0081f0115b79" testId="5048cd53-7f91-af89-4e1a-ddc718875168" testName="Tidalarr.Tests.TidalDownloadClientEnhancedTests.DownloadTrackWithMetadataAsync_Failure_ReturnsError" computerName="ALEX-PC" duration="00:00:30.6645897" startTime="2025-09-03T16:47:49.5334744-04:00" endTime="2025-09-03T16:47:49.5334748-04:00" testType="13cdc9d9-ddb5-4fa4-a97d-d965ccfc6d4b" outcome="Passed" testListId="8c84fa94-04c1-424b-9868-57a2d4851a1d" relativeResultsDirectory="a28d5433-135c-4924-9f9a-0081f0115b79" />
    <UnitTestResult executionId="532ca6ee-cf3d-4f8f-a8fe-bbb8814bd5d2" testId="8c02ccea-a7a6-85c9-0b4f-489419759240" testName="Tidalarr.Tests.TidalApiClientRequestTests.SearchAsync_BuildsExpectedEndpointAndQuery" computerName="ALEX-PC" duration="00:00:00.0760456" startTime="2025-09-03T16:47:18.9472126-04:00" endTime="2025-09-03T16:47:18.9472127-04:00" testType="13cdc9d9-ddb5-4fa4-a97d-d965ccfc6d4b" outcome="Passed" testListId="8c84fa94-04c1-424b-9868-57a2d4851a1d" relativeResultsDirectory="532ca6ee-cf3d-4f8f-a8fe-bbb8814bd5d2" />
    <UnitTestResult executionId="e2300a3b-4e09-4901-b2c8-515e58302a47" testId="d11f161c-c191-5e82-8623-3865189552db" testName="Tidalarr.Tests.EndToEndIntegrationTests.EndToEnd_AllComponentsIntegrate_NoMissingDependencies" computerName="ALEX-PC" duration="00:00:00.1040409" startTime="2025-09-03T16:47:18.9726285-04:00" endTime="2025-09-03T16:47:18.9726286-04:00" testType="13cdc9d9-ddb5-4fa4-a97d-d965ccfc6d4b" outcome="Passed" testListId="8c84fa94-04c1-424b-9868-57a2d4851a1d" relativeResultsDirectory="e2300a3b-4e09-4901-b2c8-515e58302a47" />
    <UnitTestResult executionId="51057181-fc2a-42a4-8c8a-1a771e362a6f" testId="9c3078c8-2b5d-50c9-1d22-9fbe812c5d37" testName="Tidalarr.Tests.TidalSettingsTests.TidalSettings_InheritsFromBaseStreamingSettings" computerName="ALEX-PC" duration="00:00:00.0007351" startTime="2025-09-03T16:47:18.9130702-04:00" endTime="2025-09-03T16:47:18.9130703-04:00" testType="13cdc9d9-ddb5-4fa4-a97d-d965ccfc6d4b" outcome="Passed" testListId="8c84fa94-04c1-424b-9868-57a2d4851a1d" relativeResultsDirectory="51057181-fc2a-42a4-8c8a-1a771e362a6f" />
    <UnitTestResult executionId="a7992b33-0a64-4bbb-a2d2-00ac89b9dda5" testId="0c69a00e-8e4d-8e51-c67d-cd8b6fe17fdc" testName="Tidalarr.Tests.JsonTokenStorageTests.SaveTokens_InvalidPath_ThrowsException" computerName="ALEX-PC" duration="00:00:00.0011607" startTime="2025-09-03T16:47:18.9805899-04:00" endTime="2025-09-03T16:47:18.9805904-04:00" testType="13cdc9d9-ddb5-4fa4-a97d-d965ccfc6d4b" outcome="Passed" testListId="8c84fa94-04c1-424b-9868-57a2d4851a1d" relativeResultsDirectory="a7992b33-0a64-4bbb-a2d2-00ac89b9dda5" />
    <UnitTestResult executionId="55b3a085-abb1-424e-9a8d-0cae664bb19d" testId="53a2d94b-ae06-0056-684b-fa980a072d5c" testName="Tidalarr.Tests.Unit.TidalModelsTests.TidalCallbackResult_Failure_CreatesFailureWithMessage" computerName="ALEX-PC" duration="00:00:00.0006770" startTime="2025-09-03T16:47:18.9478123-04:00" endTime="2025-09-03T16:47:18.9478124-04:00" testType="13cdc9d9-ddb5-4fa4-a97d-d965ccfc6d4b" outcome="Passed" testListId="8c84fa94-04c1-424b-9868-57a2d4851a1d" relativeResultsDirectory="55b3a085-abb1-424e-9a8d-0cae664bb19d" />
    <UnitTestResult executionId="af25d235-3a0e-495d-aa64-c84e45563b03" testId="6c5825eb-e511-b9c6-91d2-2f93d5b14e58" testName="Tidalarr.Tests.TidalOAuthServiceLogoutTests.LogoutAsync_ClearsStoredAndCurrentTokens" computerName="ALEX-PC" duration="00:00:00.0138225" startTime="2025-09-03T16:47:18.9134577-04:00" endTime="2025-09-03T16:47:18.9134577-04:00" testType="13cdc9d9-ddb5-4fa4-a97d-d965ccfc6d4b" outcome="Passed" testListId="8c84fa94-04c1-424b-9868-57a2d4851a1d" relativeResultsDirectory="af25d235-3a0e-495d-aa64-c84e45563b03" />
    <UnitTestResult executionId="2641c9de-34ff-4117-9df0-bbffc02b8e8f" testId="d32bce09-a34e-fbcb-1f01-da7f9b4a74de" testName="Tidalarr.Tests.ArchitectValidationTests.ArchitectValidation_Issue2_HttpClientFactoryPattern" computerName="ALEX-PC" duration="00:00:00.0003332" startTime="2025-09-03T16:47:18.9716793-04:00" endTime="2025-09-03T16:47:18.9716796-04:00" testType="13cdc9d9-ddb5-4fa4-a97d-d965ccfc6d4b" outcome="Passed" testListId="8c84fa94-04c1-424b-9868-57a2d4851a1d" relativeResultsDirectory="2641c9de-34ff-4117-9df0-bbffc02b8e8f" />
    <UnitTestResult executionId="9e407409-f81f-471c-bd77-9e4b2bd54793" testId="73359c7b-d522-315b-bb38-979fee39293e" testName="Tidalarr.Tests.TidalApiClientAlbumQualityTests.GetAlbumAsync_WithoutHiRes_DoesNotIncludeHiRes" computerName="ALEX-PC" duration="00:00:00.0016874" startTime="2025-09-03T16:47:18.9531795-04:00" endTime="2025-09-03T16:47:18.9531795-04:00" testType="13cdc9d9-ddb5-4fa4-a97d-d965ccfc6d4b" outcome="Passed" testListId="8c84fa94-04c1-424b-9868-57a2d4851a1d" relativeResultsDirectory="9e407409-f81f-471c-bd77-9e4b2bd54793" />
    <UnitTestResult executionId="80b12004-ac65-43e0-b587-0fa592768ff2" testId="73887348-86cd-eafa-d6ac-c863b42c219a" testName="Tidalarr.Tests.Unit.TidalResiliencePolicyTests.TidalResiliencePolicy_ShouldRetry_WithVariousStatusCodes_ReturnsCorrectly(statusCode: GatewayTimeout, shouldRetry: True)" computerName="ALEX-PC" duration="00:00:00.0000040" startTime="2025-09-03T16:47:18.9124673-04:00" endTime="2025-09-03T16:47:18.9124674-04:00" testType="13cdc9d9-ddb5-4fa4-a97d-d965ccfc6d4b" outcome="Passed" testListId="8c84fa94-04c1-424b-9868-57a2d4851a1d" relativeResultsDirectory="80b12004-ac65-43e0-b587-0fa592768ff2" />
    <UnitTestResult executionId="de8169a9-59f9-456f-a244-c17e754a3156" testId="f8ab7d4b-1a07-f995-1854-29da239a0535" testName="Tidalarr.Tests.Unit.TidalTelemetryTests.TidalTelemetry_Constructor_WithNullLogger_ThrowsArgumentNullException" computerName="ALEX-PC" duration="00:00:00.0002569" startTime="2025-09-03T16:47:18.9192043-04:00" endTime="2025-09-03T16:47:18.9192044-04:00" testType="13cdc9d9-ddb5-4fa4-a97d-d965ccfc6d4b" outcome="Passed" testListId="8c84fa94-04c1-424b-9868-57a2d4851a1d" relativeResultsDirectory="de8169a9-59f9-456f-a244-c17e754a3156" />
[...]
    <TestEntry testId="d2e13b17-4d4e-1ac2-1bc5-5021c36f7866" executionId="10387f4b-8eb8-4755-ab27-61b660083852" testListId="8c84fa94-04c1-424b-9868-57a2d4851a1d" />
    <TestEntry testId="ec822c70-30f4-9cbb-3677-77a20e2b7997" executionId="13aa8e41-4ae3-4639-b454-abbcf6c9a40c" testListId="8c84fa94-04c1-424b-9868-57a2d4851a1d" />
    <TestEntry testId="fa05ff35-39cf-b1dc-4ed1-eef3b4c4b1a2" executionId="e760480b-4e32-4bdd-9a3d-b2b6a6e61664" testListId="8c84fa94-04c1-424b-9868-57a2d4851a1d" />
    <TestEntry testId="a6d807bf-77c0-a10f-f840-22eb9606c926" executionId="be015327-cfd8-4646-8dbb-03e4b511c86a" testListId="8c84fa94-04c1-424b-9868-57a2d4851a1d" />
    <TestEntry testId="312e2e2a-697a-4145-8589-7d64d00aeb85" executionId="53f47585-fedf-4bbb-bfe4-999491568202" testListId="8c84fa94-04c1-424b-9868-57a2d4851a1d" />
    <TestEntry testId="f9bd743d-084a-c3de-011c-b0b250f0bd0b" executionId="b78132e4-9e08-44cc-beb5-991362741c67" testListId="8c84fa94-04c1-424b-9868-57a2d4851a1d" />
    <TestEntry testId="bc709bc6-1f31-d2eb-1848-1488136ae900" executionId="600bcd6e-1286-46e5-9f86-19362f91f9b0" testListId="8c84fa94-04c1-424b-9868-57a2d4851a1d" />
    <TestEntry testId="1aff6d9d-23d2-463e-3fa7-bec233dc29f5" executionId="78e34872-e2d2-419f-b046-8d85998b7ac7" testListId="8c84fa94-04c1-424b-9868-57a2d4851a1d" />
    <TestEntry testId="e713a75b-9e00-2eb1-fbfa-6f379b6d348a" executionId="92ce6a4e-0cc8-4784-ae76-b93a40351086" testListId="8c84fa94-04c1-424b-9868-57a2d4851a1d" />
    <TestEntry testId="06056011-bd56-e4de-e827-5f3633bea805" executionId="21773bc8-364f-4477-a14a-e7fe5fcf9f22" testListId="8c84fa94-04c1-424b-9868-57a2d4851a1d" />
    <TestEntry testId="2850ccef-7f08-d5ef-d0ed-33f2b366f456" executionId="d5d92b6a-2572-44d4-a470-7dc019890c66" testListId="8c84fa94-04c1-424b-9868-57a2d4851a1d" />
    <TestEntry testId="cc30106c-1058-e0dd-667e-98258295f48d" executionId="8e9320cf-4bb7-4d4a-b79e-4a6738559f50" testListId="8c84fa94-04c1-424b-9868-57a2d4851a1d" />
    <TestEntry testId="5d48b7d4-0674-c72d-7c73-b2ae28eedf40" executionId="59b8d0c2-51ff-4e5b-a398-68159c386591" testListId="8c84fa94-04c1-424b-9868-57a2d4851a1d" />
    <TestEntry testId="8a1b0207-2e6c-476c-ab17-ffac0cf43578" executionId="dde4786c-3f35-4fa1-ab13-2430551dec42" testListId="8c84fa94-04c1-424b-9868-57a2d4851a1d" />
    <TestEntry testId="b389412b-fa6f-ce14-59aa-1532f0a55556" executionId="d9d17dae-7b39-4345-8f9f-f27a1b667eed" testListId="8c84fa94-04c1-424b-9868-57a2d4851a1d" />
    <TestEntry testId="3fead8ca-3843-be0d-5d9b-f1399589d37c" executionId="c7312bdc-a7bf-4dd1-88e6-1bac4c8f6a92" testListId="8c84fa94-04c1-424b-9868-57a2d4851a1d" />
    <TestEntry testId="54edad16-5c83-dcad-b762-ea04ac420c2b" executionId="da72679a-06a6-4943-8e24-90930ba81411" testListId="8c84fa94-04c1-424b-9868-57a2d4851a1d" />
    <TestEntry testId="d508cb68-5ca7-159d-2593-1e9b46fc57c6" executionId="42c0f0ec-e9f7-48f7-b21e-db9b74fb91a3" testListId="8c84fa94-04c1-424b-9868-57a2d4851a1d" />
    <TestEntry testId="780bafb7-16bc-61cb-5846-1f8484e34afc" executionId="3c795e2e-9318-4705-97f0-4b0b419ef71e" testListId="8c84fa94-04c1-424b-9868-57a2d4851a1d" />
    <TestEntry testId="5462275c-2852-caf9-95c1-2f7bafaf8503" executionId="82a8ee57-190c-444c-bbe7-5711319304d7" testListId="8c84fa94-04c1-424b-9868-57a2d4851a1d" />
    <TestEntry testId="df817527-6ab1-c825-2bf0-ad480868c529" executionId="f90b415c-0824-4dad-8676-6037ff3200fd" testListId="8c84fa94-04c1-424b-9868-57a2d4851a1d" />
    <TestEntry testId="1af31c6d-3812-cec8-5f30-b7b6a8c1f7aa" executionId="05dfb215-55f0-484f-a5de-0acac0d4b1c0" testListId="8c84fa94-04c1-424b-9868-57a2d4851a1d" />
    <TestEntry testId="46be6aa7-e8e4-16ed-b675-d8eeec28fcf8" executionId="33446535-2aed-4961-b381-0f2bad1c995f" testListId="8c84fa94-04c1-424b-9868-57a2d4851a1d" />
    <TestEntry testId="e070ba02-388b-00be-a4db-035b2b5211b5" executionId="abdadc96-f577-44d5-be9f-6d47de02472d" testListId="8c84fa94-04c1-424b-9868-57a2d4851a1d" />
    <TestEntry testId="bce9ede3-0532-5851-3d2d-87254cc0968d" executionId="cbebf68e-3f9e-41f6-adb5-6cfe3ac99e72" testListId="8c84fa94-04c1-424b-9868-57a2d4851a1d" />
    <TestEntry testId="942bd270-6486-300f-dc80-02df4c03765a" executionId="29b7c8b0-b6b0-45fa-afe1-caf0d3b73b07" testListId="8c84fa94-04c1-424b-9868-57a2d4851a1d" />
    <TestEntry testId="db75f68d-ce9a-55ec-6a2b-4a1a30e0a941" executionId="26ede978-b751-43f1-ad20-802f58e69fef" testListId="8c84fa94-04c1-424b-9868-57a2d4851a1d" />
    <TestEntry testId="20103da0-35fb-b046-7cd5-516311bfc817" executionId="2e837f9e-a074-470d-949a-8dfc8d961c29" testListId="8c84fa94-04c1-424b-9868-57a2d4851a1d" />
    <TestEntry testId="833c1ef6-ee59-8e8f-c347-1e57484f99cf" executionId="a2ba10e3-64a0-4722-bceb-e0a107c08d82" testListId="8c84fa94-04c1-424b-9868-57a2d4851a1d" />
    <TestEntry testId="823d1937-f145-b287-b681-efcbe23adeae" executionId="2c6fa8cb-26dd-40bd-a9bb-fbaea66dbfcb" testListId="8c84fa94-04c1-424b-9868-57a2d4851a1d" />
    <TestEntry testId="979db903-d75a-9c74-e030-5a1d8972f98c" executionId="23f0856b-77de-45c4-abed-c93fef4c0025" testListId="8c84fa94-04c1-424b-9868-57a2d4851a1d" />
    <TestEntry testId="310b47e3-854c-624b-13ed-b7dc926c1e7a" executionId="0b903359-224f-49a0-add4-ea464bd57201" testListId="8c84fa94-04c1-424b-9868-57a2d4851a1d" />
    <TestEntry testId="e4df0ddd-4fb5-6fcd-8932-f1348dbf0505" executionId="fdf0498f-80cd-4412-8a0b-f06d557a1181" testListId="8c84fa94-04c1-424b-9868-57a2d4851a1d" />
    <TestEntry testId="9e2d9d66-f5a2-861e-5039-c6c43c857ad1" executionId="7d94f188-9d6a-402e-aa04-7d63bcceb588" testListId="8c84fa94-04c1-424b-9868-57a2d4851a1d" />
    <TestEntry testId="eb2d0893-f62e-a953-4c83-f95cc1c52782" executionId="f90a4c47-881c-4be2-a7f8-e211438bf5b2" testListId="8c84fa94-04c1-424b-9868-57a2d4851a1d" />
    <TestEntry testId="692efce8-5f05-3f91-694f-777b2f3723d5" executionId="5be686c7-9679-44c7-aae1-9a27c56de6ba" testListId="8c84fa94-04c1-424b-9868-57a2d4851a1d" />
    <TestEntry testId="67a18f91-deaf-f019-8fe9-d42fec04b738" executionId="4050c100-2eae-4b5c-89a0-b1c370691f11" testListId="8c84fa94-04c1-424b-9868-57a2d4851a1d" />
    <TestEntry testId="a7033bdc-8a9c-dbcd-53fe-606309fdf18b" executionId="3b09ad24-37de-4a3e-ae54-157e1129f8ab" testListId="8c84fa94-04c1-424b-9868-57a2d4851a1d" />
    <TestEntry testId="6ba25e7b-d4f2-191c-82e6-19615c34ece1" executionId="fe409f0a-954e-48e3-a620-82e95266670d" testListId="8c84fa94-04c1-424b-9868-57a2d4851a1d" />
    <TestEntry testId="0c66b6ad-6233-7697-eff8-6696c237c74c" executionId="a8bd23fe-f1cb-4fde-b162-dadd192e69a7" testListId="8c84fa94-04c1-424b-9868-57a2d4851a1d" />
    <TestEntry testId="0ebf91f5-d89a-593f-a90f-3f281aae75b1" executionId="072048b9-3fad-4c90-a09e-b35a815d4882" testListId="8c84fa94-04c1-424b-9868-57a2d4851a1d" />
    <TestEntry testId="5ab447ba-5fab-63da-a62e-dc664a99c6fa" executionId="7814b301-a3f1-4987-8a80-1aff8708c0c7" testListId="8c84fa94-04c1-424b-9868-57a2d4851a1d" />
    <TestEntry testId="46ced562-cb69-44ee-37e4-7e0d8e168ccd" executionId="0b5d6c22-6065-4000-9a70-ae416dcb4d3b" testListId="8c84fa94-04c1-424b-9868-57a2d4851a1d" />
    <TestEntry testId="ff650437-cb34-fa9b-0e92-ae633d26c1ec" executionId="75e6b226-b52e-4ec7-a087-bf64d86e1c8b" testListId="8c84fa94-04c1-424b-9868-57a2d4851a1d" />
    <TestEntry testId="ccf9e047-fd4f-1c46-a875-463bdbb9b322" executionId="a616d11c-9124-43fc-aefe-a759169b0b1c" testListId="8c84fa94-04c1-424b-9868-57a2d4851a1d" />
    <TestEntry testId="632546c1-0f7f-8910-b52a-6ed2660f0271" executionId="f5bf5528-6d70-4b8e-90eb-16365b2c778c" testListId="8c84fa94-04c1-424b-9868-57a2d4851a1d" />
    <TestEntry testId="76b3116c-81d1-1b0b-2f1f-a308b1f04c2f" executionId="a0dc031b-58ae-4dac-abc2-7f8c59ae0525" testListId="8c84fa94-04c1-424b-9868-57a2d4851a1d" />
    <TestEntry testId="2951481d-4879-5498-0548-d820a8122160" executionId="1348eab9-157d-4e74-83b4-1125e0123302" testListId="8c84fa94-04c1-424b-9868-57a2d4851a1d" />
    <TestEntry testId="cc19bb66-0c61-bfe0-278a-fa5ab4a9632f" executionId="a6f2266c-20cc-4c95-933c-c63c96ad66de" testListId="8c84fa94-04c1-424b-9868-57a2d4851a1d" />
    <TestEntry testId="1d5a2238-e8f2-f2da-7041-752a6680c481" executionId="e127613d-3352-400c-acc3-e836e4212e6c" testListId="8c84fa94-04c1-424b-9868-57a2d4851a1d" />
    <TestEntry testId="bdc408e7-36c2-ffd6-c702-8ed7818574f3" executionId="63dac9e7-7624-49eb-968f-df11fefc41bb" testListId="8c84fa94-04c1-424b-9868-57a2d4851a1d" />
    <TestEntry testId="ab4a2f79-3682-9f7f-b1de-533a958b65ab" executionId="9aca597f-431e-4382-b6b7-b53c90dcef55" testListId="8c84fa94-04c1-424b-9868-57a2d4851a1d" />
    <TestEntry testId="72a2acd9-a70d-a2d6-e348-7bf46cd17b11" executionId="bdf21bdc-6c52-4bb2-a722-69b9d2ed6ac0" testListId="8c84fa94-04c1-424b-9868-57a2d4851a1d" />
    <TestEntry testId="ed5b3706-3f25-ebcd-e347-2842d940cb63" executionId="aa4245e0-8010-46ee-b1a8-4ce0f9ea5954" testListId="8c84fa94-04c1-424b-9868-57a2d4851a1d" />
    <TestEntry testId="2830823b-40c1-06d1-03a9-73ae8061665c" executionId="4d466d8f-1bdc-4764-ab29-bcbdce5a137e" testListId="8c84fa94-04c1-424b-9868-57a2d4851a1d" />
    <TestEntry testId="7148dcdd-8c0b-5450-beca-e905afc9ffc1" executionId="974ffedf-267c-4e55-bbf7-5b3e738fafaa" testListId="8c84fa94-04c1-424b-9868-57a2d4851a1d" />
    <TestEntry testId="b8852738-7819-6eb5-f7fb-d39f71c990a4" executionId="569b687f-ffd4-4485-817b-22cdea758330" testListId="8c84fa94-04c1-424b-9868-57a2d4851a1d" />
    <TestEntry testId="83b5dbba-64bb-bc1e-fcec-7231b793ba2f" executionId="e5f53b18-07dd-4c78-adc6-c7fd158de335" testListId="8c84fa94-04c1-424b-9868-57a2d4851a1d" />
  </TestEntries>
  <TestLists>
    <TestList name="Results Not in a List" id="8c84fa94-04c1-424b-9868-57a2d4851a1d" />
    <TestList name="All Loaded Results" id="19431567-8539-422a-85d7-44ee4e166bda" />
  </TestLists>
  <ResultSummary outcome="Failed">
    <Counters total="299" executed="296" passed="293" failed="3" error="0" timeout="0" aborted="0" inconclusive="0" passedButRunAborted="0" notRunnable="0" notExecuted="0" disconnected="0" warning="0" completed="0" inProgress="0" pending="0" />
    <Output>
      <StdOut>[xUnit.net 00:00:00.00] xUnit.net VSTest Adapter v2.8.2+699d445a1a (64-bit .NET 9.0.8)&#xD;
[xUnit.net 00:00:00.07]   Discovering: Tidalarr.Tests&#xD;
[xUnit.net 00:00:00.14]   Discovered:  Tidalarr.Tests&#xD;
[xUnit.net 00:00:00.14]   Starting:    Tidalarr.Tests&#xD;
? ARCHITECT VALIDATION 3: Resilience Patterns INTEGRATED&#xD;
?? ARCHITECT VALIDATION: ALL CRITICAL ISSUES RESOLVED!&#xD;
?? PRODUCTION READINESS: ENTERPRISE-GRADE ACHIEVED&#xD;
   ? DI Anti-Pattern: RESOLVED&#xD;
   ? HttpClient Misuse: RESOLVED&#xD;
   ? Missing Resilience: RESOLVED&#xD;
   ? Memory Issues: RESOLVED&#xD;
   ? Service Registration: RESOLVED&#xD;
   ? Configuration Validation: RESOLVED&#xD;
   ? Shared Library Usage: RESOLVED&#xD;
?? TRANSFORMATION SUMMARY:&#xD;
   ?? From: Prototype with production blockers&#xD;
   ?? To: Enterprise-ready plugin with best practices&#xD;
   ?? Quality: Architect-validated production standards&#xD;
[xUnit.net 00:00:00.24]       Assert.Contains() Failure: Filter not matched in collection&#xD;
[xUnit.net 00:00:00.24]       Collection: [MP3 320kbps, FLAC 96.0kHz/24bit]&#xD;
[xUnit.net 00:00:00.24]       Stack Trace:&#xD;
[xUnit.net 00:00:00.25]         I:\Arr-Plugins\Lidarr\Tidalarr\tests\Tidalarr.Tests\TidalModelMapperTests.cs(56,0): at Tidalarr.Tests.TidalModelMapperTests.ToStreamingAlbum_MapsQualities_CoverUrls_AndMetadata()&#xD;
[xUnit.net 00:00:00.25]            at System.RuntimeMethodHandle.InvokeMethod(Object target, Void** arguments, Signature sig, Boolean isConstructor)&#xD;
[xUnit.net 00:00:00.25]            at System.Reflection.MethodBaseInvoker.InvokeWithNoArgs(Object obj, BindingFlags invokeAttr)&#xD;
[xUnit.net 00:00:00.25]       System.InvalidCastException : Unable to cast object of type 'AuthStub' to type 'Tidalarr.Domain.Authentication.TidalOAuthService'.&#xD;
[xUnit.net 00:00:00.25]       Stack Trace:&#xD;
[xUnit.net 00:00:00.25]         I:\Arr-Plugins\Lidarr\Tidalarr\src\Tidalarr\Integration\TidalModule.cs(57,0): at Tidalarr.Integration.TidalModule.&lt;&gt;c.&lt;RegisterServices&gt;b__8_3(IServiceProvider sp)&#xD;
[xUnit.net 00:00:00.25]            at Microsoft.Extensions.DependencyInjection.ServiceLookup.CallSiteRuntimeResolver.VisitFactory(FactoryCallSite factoryCallSite, RuntimeResolverContext context)&#xD;
[xUnit.net 00:00:00.25]            at Microsoft.Extensions.DependencyInjection.ServiceLookup.CallSiteVisitor`2.VisitCallSiteMain(ServiceCallSite callSite, TArgument argument)&#xD;
[xUnit.net 00:00:00.25]            at Microsoft.Extensions.DependencyInjection.ServiceLookup.CallSiteRuntimeResolver.VisitRootCache(ServiceCallSite callSite, RuntimeResolverContext context)&#xD;
[xUnit.net 00:00:00.25]            at Microsoft.Extensions.DependencyInjection.ServiceLookup.CallSiteRuntimeResolver.VisitScopeCache(ServiceCallSite callSite, RuntimeResolverContext context)&#xD;
[xUnit.net 00:00:00.25]            at Microsoft.Extensions.DependencyInjection.ServiceLookup.CallSiteVisitor`2.VisitCallSite(ServiceCallSite callSite, TArgument argument)&#xD;
[xUnit.net 00:00:00.25]            at Microsoft.Extensions.DependencyInjection.ServiceLookup.CallSiteRuntimeResolver.VisitConstructor(ConstructorCallSite constructorCallSite, RuntimeResolverContext context)&#xD;
[xUnit.net 00:00:00.25]            at Microsoft.Extensions.DependencyInjection.ServiceLookup.CallSiteVisitor`2.VisitCallSiteMain(ServiceCallSite callSite, TArgument argument)&#xD;
[xUnit.net 00:00:00.25]            at Microsoft.Extensions.DependencyInjection.ServiceLookup.CallSiteRuntimeResolver.VisitRootCache(ServiceCallSite callSite, RuntimeResolverContext context)&#xD;
[xUnit.net 00:00:00.25]            at Microsoft.Extensions.DependencyInjection.ServiceLookup.CallSiteRuntimeResolver.VisitScopeCache(ServiceCallSite callSite, RuntimeResolverContext context)&#xD;
[xUnit.net 00:00:00.25]            at Microsoft.Extensions.DependencyInjection.ServiceLookup.CallSiteVisitor`2.VisitCallSite(ServiceCallSite callSite, TArgument argument)&#xD;
[xUnit.net 00:00:00.25]            at Microsoft.Extensions.DependencyInjection.ServiceLookup.CallSiteRuntimeResolver.Resolve(ServiceCallSite callSite, ServiceProviderEngineScope scope)&#xD;
[xUnit.net 00:00:00.25]            at Microsoft.Extensions.DependencyInjection.ServiceLookup.DynamicServiceProviderEngine.&lt;&gt;c__DisplayClass2_0.&lt;RealizeService&gt;b__0(ServiceProviderEngineScope scope)&#xD;
[xUnit.net 00:00:00.25]            at Microsoft.Extensions.DependencyInjection.ServiceProvider.GetService(ServiceIdentifier serviceIdentifier, ServiceProviderEngineScope serviceProviderEngineScope)&#xD;
[xUnit.net 00:00:00.25]            at Microsoft.Extensions.DependencyInjection.ServiceProvider.GetService(Type serviceType)&#xD;
[xUnit.net 00:00:00.25]            at Microsoft.Extensions.DependencyInjection.ServiceProviderServiceExtensions.GetRequiredService(IServiceProvider provider, Type serviceType)&#xD;
[xUnit.net 00:00:00.25]            at Microsoft.Extensions.DependencyInjection.ServiceProviderServiceExtensions.GetRequiredService[T](IServiceProvider provider)&#xD;
[xUnit.net 00:00:00.25]         I:\Arr-Plugins\Lidarr\Tidalarr\tests\Tidalarr.Tests\TidalModuleEndToEndDiFlowsTests.cs(72,0): at Tidalarr.Tests.TidalModuleEndToEndDiFlowsTests.DI_Flow_IndexerSearch_And_DownloadValidation_Work()&#xD;
[xUnit.net 00:00:00.25]         --- End of stack trace from previous location ---&#xD;
[xUnit.net 00:00:00.25]       Assert.Contains() Failure: Filter not matched in collection&#xD;
[xUnit.net 00:00:00.25]       Collection: [FLAC 44.1kHz/16bit]&#xD;
[xUnit.net 00:00:00.25]       Stack Trace:&#xD;
[xUnit.net 00:00:00.25]         I:\Arr-Plugins\Lidarr\Tidalarr\tests\Tidalarr.Tests\TidalModelMapperTests.cs(35,0): at Tidalarr.Tests.TidalModelMapperTests.ToStreamingTrack_MapsCoreFields_AndMetadata()&#xD;
[xUnit.net 00:00:00.25]            at System.RuntimeMethodHandle.InvokeMethod(Object target, Void** arguments, Signature sig, Boolean isConstructor)&#xD;
[xUnit.net 00:00:00.25]            at System.Reflection.MethodBaseInvoker.InvokeWithNoArgs(Object obj, BindingFlags invokeAttr)&#xD;
?? Error parsing DASH manifest: The input is not a valid Base-64 string as it contains a non-base 64 character, more than two padding characters, or an illegal character among the padding characters.&#xD;
?? Manifest content preview: not-base64...&#xD;
[xUnit.net 00:00:00.26]       File system semantics vary in CI; exercising code path locally is fine&#xD;
[xUnit.net 00:00:00.26]       File move semantics can lock on Windows CI; run locally to exercise end-to-end write path&#xD;
[xUnit.net 00:00:00.26]       File move semantics can lock on Windows CI; run locally to exercise end-to-end write path&#xD;
?? Extracting FLAC from M4A container...&#xD;
?? FFmpeg error: error&#xD;
?? FLAC extraction failed, keeping M4A file&#xD;
Test 'Tidalarr.Tests.TidalDownloadClientEnhancedFlowTests.DownloadTrackEnhancedAsync_WritesFile_ForDifferentMime' was skipped in the test run.&#xD;
Test 'Tidalarr.Tests.TidalDownloadClientEnhancedParsedTests.EnhancedDownload_ParsedMpd_Aac_NoExtraction_EvenWhenEnabled' was skipped in the test run.&#xD;
Test 'Tidalarr.Tests.TidalDownloadClientEnhancedParsedTests.EnhancedDownload_ParsedMpd_Flac_NoExtraction_WhenDisabled' was skipped in the test run.&#xD;
?? Extracting FLAC from M4A container...&#xD;
? ARCHITECT VALIDATION 4: Stream-to-Disk IMPLEMENTED&#xD;
? ARCHITECT VALIDATION 1: DI Anti-Pattern FIXED&#xD;
? ARCHITECT VALIDATION 2: HttpClient Factory IMPLEMENTED&#xD;
? ARCHITECT VALIDATION: Shared Library OPTIMALLY USED&#xD;
info: TidalIndexer[0]&#xD;
      Initializing Tidal indexer&#xD;
fail: TidalIndexer[0]&#xD;
      Tidal settings validation failed: Config path is required&#xD;
??  Chunk retry 2 for unknown&#xD;
?? Auth retry 1 in 2s: Token refresh failed&#xD;
?? Auth retry 2 in 4s: Token refresh failed&#xD;
?? Retry 1 for unknown in 2s&#xD;
?? Retry 2 for unknown in 4s&#xD;
?? Retry 3 for unknown in 8s&#xD;
[xUnit.net 00:01:32.09]   Finished:    Tidalarr.Tests&#xD;
</StdOut>
    </Output>
    <RunInfos>
      <RunInfo computerName="ALEX-PC" outcome="Error" timestamp="2025-09-03T16:47:18.9496488-04:00">
        <Text>[xUnit.net 00:00:00.24]     Tidalarr.Tests.TidalModelMapperTests.ToStreamingAlbum_MapsQualities_CoverUrls_AndMetadata [FAIL]</Text>
      </RunInfo>
      <RunInfo computerName="ALEX-PC" outcome="Error" timestamp="2025-09-03T16:47:18.9521494-04:00">
        <Text>[xUnit.net 00:00:00.25]     Tidalarr.Tests.TidalModuleEndToEndDiFlowsTests.DI_Flow_IndexerSearch_And_DownloadValidation_Work [FAIL]</Text>
      </RunInfo>
      <RunInfo computerName="ALEX-PC" outcome="Error" timestamp="2025-09-03T16:47:18.9528589-04:00">
        <Text>[xUnit.net 00:00:00.25]     Tidalarr.Tests.TidalModelMapperTests.ToStreamingTrack_MapsCoreFields_AndMetadata [FAIL]</Text>
      </RunInfo>
      <RunInfo computerName="ALEX-PC" outcome="Warning" timestamp="2025-09-03T16:47:18.9533100-04:00">
        <Text>[xUnit.net 00:00:00.26]     Tidalarr.Tests.TidalDownloadClientEnhancedFlowTests.DownloadTrackEnhancedAsync_WritesFile_ForDifferentMime [SKIP]</Text>
      </RunInfo>
      <RunInfo computerName="ALEX-PC" outcome="Warning" timestamp="2025-09-03T16:47:18.9533849-04:00">
        <Text>[xUnit.net 00:00:00.26]     Tidalarr.Tests.TidalDownloadClientEnhancedParsedTests.EnhancedDownload_ParsedMpd_Aac_NoExtraction_EvenWhenEnabled [SKIP]</Text>
      </RunInfo>
      <RunInfo computerName="ALEX-PC" outcome="Warning" timestamp="2025-09-03T16:47:18.9534128-04:00">
        <Text>[xUnit.net 00:00:00.26]     Tidalarr.Tests.TidalDownloadClientEnhancedParsedTests.EnhancedDownload_ParsedMpd_Flac_NoExtraction_WhenDisabled [SKIP]</Text>
      </RunInfo>
    </RunInfos>
  </ResultSummary>
</TestRun>